# I am rank 0 of 1
0,0.917,0.982
1,0.967,0.985
2,0.973,0.989
3,0.976,0.988
4,0.977,0.987
5,0.979,0.987
6,0.980,0.990
7,0.980,0.986
8,0.981,0.989
9,0.982,0.989
10,0.983,0.989
11,0.982,0.989
12,0.983,0.990
13,0.983,0.991
14,0.983,0.987
15,0.983,0.989
Total training time: 47.87789034843445 seconds
# I am rank 1 of 2
# I am rank 0 of 2
0,0.898,0.980
1,0.961,0.983
2,0.966,0.985
3,0.968,0.985
4,0.969,0.983
5,0.970,0.981
6,0.970,0.984
7,0.972,0.986
8,0.971,0.987
9,0.972,0.985
10,0.971,0.987
11,0.971,0.986
12,0.972,0.984
13,0.970,0.987
14,0.972,0.981
Total training time: 127.15787625312805 seconds
15,0.971,0.986
Total training time: 133.01621294021606 seconds
# I am rank 0 of 4
# I am rank 2 of 4
# I am rank 3 of 4
# I am rank 1 of 4
0,0.763,0.941
1,0.887,0.954
2,0.898,0.952
3,0.906,0.963
4,0.909,0.961
5,0.911,0.963
6,0.910,0.964
7,0.893,0.958
8,0.909,0.962
9,0.913,0.962
10,0.913,0.960
11,0.914,0.964
12,0.914,0.963
13,0.913,0.964
14,0.914,0.959
15,0.914,0.965
Total training time: 109.68533658981323 seconds
Total training time: 109.78614783287048 seconds
# I am rank 0 of 8
# I am rank 5 of 8
# I am rank 2 of 8
# I am rank 4 of 8
# I am rank 3 of 8
# I am rank 1 of 8
# I am rank 6 of 8
# I am rank 7 of 8
0,0.111,0.103
1,0.111,0.113
2,0.111,0.103
3,0.111,0.103
4,0.111,0.113
5,0.111,0.101
6,0.109,0.113
7,0.110,0.113
8,0.109,0.098
9,0.109,0.101
10,0.110,0.113
11,0.110,0.103
12,0.111,0.113
13,0.111,0.103
14,0.109,0.103
15,0.110,0.113
Total training time: 202.98180723190308 seconds
Total training time: 202.7495629787445 seconds
