{
    "data": {
        "handler": "ilsvrc_dataset",
        "batch_size": 256,
        "train_filelist": "/grand/projects/ALCFAITP/ilsvrc_train_filelist.txt",
        "test_filelist": "/grand/projects/ALCFAITP/ilsvrc_val_filelist.txt",
        "shuffle_buffer": 200000,
        "reshuffle_each_iteration": true,
        "num_parallel_readers": 128,
        "prefetch_buffer_size": 8,
        "crop_image_size": [
            256,
            256
        ],
        "num_classes": 1000,
        "num_channels": 3
    }
}
{
    "data": {
        "handler": "ilsvrc_dataset",
        "batch_size": 256,
        "train_filelist": "/grand/projects/ALCFAITP/ilsvrc_train_filelist.txt",
        "test_filelist": "/grand/projects/ALCFAITP/ilsvrc_val_filelist.txt",
        "shuffle_buffer": 200000,
        "reshuffle_each_iteration": true,
        "num_parallel_readers": 128,
        "prefetch_buffer_size": 8,
        "crop_image_size": [
            256,
            256
        ],
        "num_classes": 1000,
        "num_channels": 3
    }
}
{
    "data": {
        "handler": "ilsvrc_dataset",
        "batch_size": 256,
        "train_filelist": "/grand/projects/ALCFAITP/ilsvrc_train_filelist.txt",
        "test_filelist": "/grand/projects/ALCFAITP/ilsvrc_val_filelist.txt",
        "shuffle_buffer": 200000,
        "reshuffle_each_iteration": true,
        "num_parallel_readers": 128,
        "prefetch_buffer_size": 8,
        "crop_image_size": [
            256,
            256
        ],
        "num_classes": 1000,
        "num_channels": 3
    }
}
num labels: 1000
{
    "data": {
        "handler": "ilsvrc_dataset",
        "batch_size": 256,
        "train_filelist": "/grand/projects/ALCFAITP/ilsvrc_train_filelist.txt",
        "test_filelist": "/grand/projects/ALCFAITP/ilsvrc_val_filelist.txt",
        "shuffle_buffer": 200000,
        "reshuffle_each_iteration": true,
        "num_parallel_readers": 128,
        "prefetch_buffer_size": 8,
        "crop_image_size": [
            256,
            256
        ],
        "num_classes": 1000,
        "num_channels": 3
    }
}
{
    "data": {
        "handler": "ilsvrc_dataset",
        "batch_size": 256,
        "train_filelist": "/grand/projects/ALCFAITP/ilsvrc_train_filelist.txt",
        "test_filelist": "/grand/projects/ALCFAITP/ilsvrc_val_filelist.txt",
        "shuffle_buffer": 200000,
        "reshuffle_each_iteration": true,
        "num_parallel_readers": 128,
        "prefetch_buffer_size": 8,
        "crop_image_size": [
            256,
            256
        ],
        "num_classes": 1000,
        "num_channels": 3
    }
}
{
    "data": {
        "handler": "ilsvrc_dataset",
        "batch_size": 256,
        "train_filelist": "/grand/projects/ALCFAITP/ilsvrc_train_filelist.txt",
        "test_filelist": "/grand/projects/ALCFAITP/ilsvrc_val_filelist.txt",
        "shuffle_buffer": 200000,
        "reshuffle_each_iteration": true,
        "num_parallel_readers": 128,
        "prefetch_buffer_size": 8,
        "crop_image_size": [
            256,
            256
        ],
        "num_classes": 1000,
        "num_channels": 3
    }
}
build dataset /grand/projects/ALCFAITP/ilsvrc_train_filelist.txt
{
    "data": {
        "handler": "ilsvrc_dataset",
        "batch_size": 256,
        "train_filelist": "/grand/projects/ALCFAITP/ilsvrc_train_filelist.txt",
        "test_filelist": "/grand/projects/ALCFAITP/ilsvrc_val_filelist.txt",
        "shuffle_buffer": 200000,
        "reshuffle_each_iteration": true,
        "num_parallel_readers": 128,
        "prefetch_buffer_size": 8,
        "crop_image_size": [
            256,
            256
        ],
        "num_classes": 1000,
        "num_channels": 3
    }
}
{
    "data": {
        "handler": "ilsvrc_dataset",
        "batch_size": 256,
        "train_filelist": "/grand/projects/ALCFAITP/ilsvrc_train_filelist.txt",
        "test_filelist": "/grand/projects/ALCFAITP/ilsvrc_val_filelist.txt",
        "shuffle_buffer": 200000,
        "reshuffle_each_iteration": true,
        "num_parallel_readers": 128,
        "prefetch_buffer_size": 8,
        "crop_image_size": [
            256,
            256
        ],
        "num_classes": 1000,
        "num_channels": 3
    }
}
[[36m2022-11-09 15:29:02,780[0m][[34mai4sci.ilsvrc_dataset[0m][[32mINFO[0m] - input filelist contains 1281167 files, estimated batches per rank 625[0m
build dataset /grand/projects/ALCFAITP/ilsvrc_val_filelist.txt
[[36m2022-11-09 15:29:04,989[0m][[34mai4sci.ilsvrc_dataset[0m][[32mINFO[0m] - input filelist contains 50000 files, estimated batches per rank 24[0m
thetagpu21:1729137:1729728 [0] NCCL INFO Bootstrap : Using enp226s0:10.230.2.209<0>
thetagpu21:1729137:1729728 [0] NCCL INFO NET/Plugin : No plugin found (libnccl-net.so), using internal implementation
thetagpu21:1729137:1729728 [0] NCCL INFO NET/IB : Using [0]mlx5_0:1/IB [1]mlx5_1:1/IB [2]mlx5_2:1/IB [3]mlx5_3:1/IB [4]mlx5_4:1/IB [5]mlx5_5:1/RoCE [6]mlx5_6:1/IB [7]mlx5_7:1/IB [8]mlx5_8:1/IB [9]mlx5_9:1/IB [10]mlx5_10:1/IB [11]mlx5_11:1/RoCE [RO]; OOB enp226s0:10.230.2.209<0>
thetagpu21:1729137:1729728 [0] NCCL INFO Using network IB
NCCL version 2.12.12+cuda11.0
thetagpu21:1729141:1729731 [4] NCCL INFO Bootstrap : Using enp226s0:10.230.2.209<0>
thetagpu21:1729139:1729727 [2] NCCL INFO Bootstrap : Using enp226s0:10.230.2.209<0>
thetagpu21:1729140:1729724 [3] NCCL INFO Bootstrap : Using enp226s0:10.230.2.209<0>
thetagpu21:1729144:1729730 [7] NCCL INFO Bootstrap : Using enp226s0:10.230.2.209<0>
thetagpu21:1729138:1729725 [1] NCCL INFO Bootstrap : Using enp226s0:10.230.2.209<0>
thetagpu21:1729141:1729731 [4] NCCL INFO NET/Plugin : No plugin found (libnccl-net.so), using internal implementation
thetagpu21:1729139:1729727 [2] NCCL INFO NET/Plugin : No plugin found (libnccl-net.so), using internal implementation
thetagpu21:1729140:1729724 [3] NCCL INFO NET/Plugin : No plugin found (libnccl-net.so), using internal implementation
thetagpu21:1729144:1729730 [7] NCCL INFO NET/Plugin : No plugin found (libnccl-net.so), using internal implementation
thetagpu21:1729138:1729725 [1] NCCL INFO NET/Plugin : No plugin found (libnccl-net.so), using internal implementation
thetagpu21:1729143:1729726 [6] NCCL INFO Bootstrap : Using enp226s0:10.230.2.209<0>
thetagpu21:1729143:1729726 [6] NCCL INFO NET/Plugin : No plugin found (libnccl-net.so), using internal implementation
thetagpu21:1729142:1729729 [5] NCCL INFO Bootstrap : Using enp226s0:10.230.2.209<0>
thetagpu21:1729142:1729729 [5] NCCL INFO NET/Plugin : No plugin found (libnccl-net.so), using internal implementation
thetagpu21:1729143:1729726 [6] NCCL INFO NET/IB : Using [0]mlx5_0:1/IB [1]mlx5_1:1/IB [2]mlx5_2:1/IB [3]mlx5_3:1/IB [4]mlx5_4:1/IB [5]mlx5_5:1/RoCE [6]mlx5_6:1/IB [7]mlx5_7:1/IB [8]mlx5_8:1/IB [9]mlx5_9:1/IB [10]mlx5_10:1/IB [11]mlx5_11:1/RoCE [RO]; OOB enp226s0:10.230.2.209<0>
thetagpu21:1729143:1729726 [6] NCCL INFO Using network IB
thetagpu21:1729144:1729730 [7] NCCL INFO NET/IB : Using [0]mlx5_0:1/IB [1]mlx5_1:1/IB [2]mlx5_2:1/IB [3]mlx5_3:1/IB [4]mlx5_4:1/IB [5]mlx5_5:1/RoCE [6]mlx5_6:1/IB [7]mlx5_7:1/IB [8]mlx5_8:1/IB [9]mlx5_9:1/IB [10]mlx5_10:1/IB [11]mlx5_11:1/RoCE [RO]; OOB enp226s0:10.230.2.209<0>
thetagpu21:1729144:1729730 [7] NCCL INFO Using network IB
thetagpu21:1729141:1729731 [4] NCCL INFO NET/IB : Using [0]mlx5_0:1/IB [1]mlx5_1:1/IB [2]mlx5_2:1/IB [3]mlx5_3:1/IB [4]mlx5_4:1/IB [5]mlx5_5:1/RoCE [6]mlx5_6:1/IB [7]mlx5_7:1/IB [8]mlx5_8:1/IB [9]mlx5_9:1/IB [10]mlx5_10:1/IB [11]mlx5_11:1/RoCE [RO]; OOB enp226s0:10.230.2.209<0>
thetagpu21:1729141:1729731 [4] NCCL INFO Using network IB
thetagpu21:1729139:1729727 [2] NCCL INFO NET/IB : Using [0]mlx5_0:1/IB [1]mlx5_1:1/IB [2]mlx5_2:1/IB [3]mlx5_3:1/IB [4]mlx5_4:1/IB [5]mlx5_5:1/RoCE [6]mlx5_6:1/IB [7]mlx5_7:1/IB [8]mlx5_8:1/IB [9]mlx5_9:1/IB [10]mlx5_10:1/IB [11]mlx5_11:1/RoCE [RO]; OOB enp226s0:10.230.2.209<0>
thetagpu21:1729139:1729727 [2] NCCL INFO Using network IB
thetagpu21:1729140:1729724 [3] NCCL INFO NET/IB : Using [0]mlx5_0:1/IB [1]mlx5_1:1/IB [2]mlx5_2:1/IB [3]mlx5_3:1/IB [4]mlx5_4:1/IB [5]mlx5_5:1/RoCE [6]mlx5_6:1/IB [7]mlx5_7:1/IB [8]mlx5_8:1/IB [9]mlx5_9:1/IB [10]mlx5_10:1/IB [11]mlx5_11:1/RoCE [RO]; OOB enp226s0:10.230.2.209<0>
thetagpu21:1729140:1729724 [3] NCCL INFO Using network IB
thetagpu21:1729138:1729725 [1] NCCL INFO NET/IB : Using [0]mlx5_0:1/IB [1]mlx5_1:1/IB [2]mlx5_2:1/IB [3]mlx5_3:1/IB [4]mlx5_4:1/IB [5]mlx5_5:1/RoCE [6]mlx5_6:1/IB [7]mlx5_7:1/IB [8]mlx5_8:1/IB [9]mlx5_9:1/IB [10]mlx5_10:1/IB [11]mlx5_11:1/RoCE [RO]; OOB enp226s0:10.230.2.209<0>
thetagpu21:1729138:1729725 [1] NCCL INFO Using network IB
thetagpu21:1729142:1729729 [5] NCCL INFO NET/IB : Using [0]mlx5_0:1/IB [1]mlx5_1:1/IB [2]mlx5_2:1/IB [3]mlx5_3:1/IB [4]mlx5_4:1/IB [5]mlx5_5:1/RoCE [6]mlx5_6:1/IB [7]mlx5_7:1/IB [8]mlx5_8:1/IB [9]mlx5_9:1/IB [10]mlx5_10:1/IB [11]mlx5_11:1/RoCE [RO]; OOB enp226s0:10.230.2.209<0>
thetagpu21:1729142:1729729 [5] NCCL INFO Using network IB
thetagpu21:1729139:1729727 [2] NCCL INFO Trees [0] 3/-1/-1->2->1 [1] 3/-1/-1->2->1 [2] 3/-1/-1->2->1 [3] 3/-1/-1->2->1 [4] 3/-1/-1->2->1 [5] 3/-1/-1->2->1 [6] 3/-1/-1->2->1 [7] 3/-1/-1->2->1 [8] 3/-1/-1->2->1 [9] 3/-1/-1->2->1 [10] 3/-1/-1->2->1 [11] 3/-1/-1->2->1 [12] 3/-1/-1->2->1 [13] 3/-1/-1->2->1 [14] 3/-1/-1->2->1 [15] 3/-1/-1->2->1 [16] 3/-1/-1->2->1 [17] 3/-1/-1->2->1 [18] 3/-1/-1->2->1 [19] 3/-1/-1->2->1 [20] 3/-1/-1->2->1 [21] 3/-1/-1->2->1 [22] 3/-1/-1->2->1 [23] 3/-1/-1->2->1
thetagpu21:1729138:1729725 [1] NCCL INFO Trees [0] 2/-1/-1->1->0 [1] 2/-1/-1->1->0 [2] 2/-1/-1->1->0 [3] 2/-1/-1->1->0 [4] 2/-1/-1->1->0 [5] 2/-1/-1->1->0 [6] 2/-1/-1->1->0 [7] 2/-1/-1->1->0 [8] 2/-1/-1->1->0 [9] 2/-1/-1->1->0 [10] 2/-1/-1->1->0 [11] 2/-1/-1->1->0 [12] 2/-1/-1->1->0 [13] 2/-1/-1->1->0 [14] 2/-1/-1->1->0 [15] 2/-1/-1->1->0 [16] 2/-1/-1->1->0 [17] 2/-1/-1->1->0 [18] 2/-1/-1->1->0 [19] 2/-1/-1->1->0 [20] 2/-1/-1->1->0 [21] 2/-1/-1->1->0 [22] 2/-1/-1->1->0 [23] 2/-1/-1->1->0
thetagpu21:1729142:1729729 [5] NCCL INFO Trees [0] 6/-1/-1->5->4 [1] 6/-1/-1->5->4 [2] 6/-1/-1->5->4 [3] 6/-1/-1->5->4 [4] 6/-1/-1->5->4 [5] 6/-1/-1->5->4 [6] 6/-1/-1->5->4 [7] 6/-1/-1->5->4 [8] 6/-1/-1->5->4 [9] 6/-1/-1->5->4 [10] 6/-1/-1->5->4 [11] 6/-1/-1->5->4 [12] 6/-1/-1->5->4 [13] 6/-1/-1->5->4 [14] 6/-1/-1->5->4 [15] 6/-1/-1->5->4 [16] 6/-1/-1->5->4 [17] 6/-1/-1->5->4 [18] 6/-1/-1->5->4 [19] 6/-1/-1->5->4 [20] 6/-1/-1->5->4 [21] 6/-1/-1->5->4 [22] 6/-1/-1->5->4 [23] 6/-1/-1->5->4
thetagpu21:1729140:1729724 [3] NCCL INFO Trees [0] 4/-1/-1->3->2 [1] 4/-1/-1->3->2 [2] 4/-1/-1->3->2 [3] 4/-1/-1->3->2 [4] 4/-1/-1->3->2 [5] 4/-1/-1->3->2 [6] 4/-1/-1->3->2 [7] 4/-1/-1->3->2 [8] 4/-1/-1->3->2 [9] 4/-1/-1->3->2 [10] 4/-1/-1->3->2 [11] 4/-1/-1->3->2 [12] 4/-1/-1->3->2 [13] 4/-1/-1->3->2 [14] 4/-1/-1->3->2 [15] 4/-1/-1->3->2 [16] 4/-1/-1->3->2 [17] 4/-1/-1->3->2 [18] 4/-1/-1->3->2 [19] 4/-1/-1->3->2 [20] 4/-1/-1->3->2 [21] 4/-1/-1->3->2 [22] 4/-1/-1->3->2 [23] 4/-1/-1->3->2
thetagpu21:1729137:1729728 [0] NCCL INFO Channel 00/24 :    0   1   2   3   4   5   6   7
thetagpu21:1729137:1729728 [0] NCCL INFO Channel 01/24 :    0   1   2   3   4   5   6   7
thetagpu21:1729137:1729728 [0] NCCL INFO Channel 02/24 :    0   1   2   3   4   5   6   7
thetagpu21:1729137:1729728 [0] NCCL INFO Channel 03/24 :    0   1   2   3   4   5   6   7
thetagpu21:1729137:1729728 [0] NCCL INFO Channel 04/24 :    0   1   2   3   4   5   6   7
thetagpu21:1729137:1729728 [0] NCCL INFO Channel 05/24 :    0   1   2   3   4   5   6   7
thetagpu21:1729137:1729728 [0] NCCL INFO Channel 06/24 :    0   1   2   3   4   5   6   7
thetagpu21:1729137:1729728 [0] NCCL INFO Channel 07/24 :    0   1   2   3   4   5   6   7
thetagpu21:1729137:1729728 [0] NCCL INFO Channel 08/24 :    0   1   2   3   4   5   6   7
thetagpu21:1729137:1729728 [0] NCCL INFO Channel 09/24 :    0   1   2   3   4   5   6   7
thetagpu21:1729137:1729728 [0] NCCL INFO Channel 10/24 :    0   1   2   3   4   5   6   7
thetagpu21:1729137:1729728 [0] NCCL INFO Channel 11/24 :    0   1   2   3   4   5   6   7
thetagpu21:1729137:1729728 [0] NCCL INFO Channel 12/24 :    0   1   2   3   4   5   6   7
thetagpu21:1729137:1729728 [0] NCCL INFO Channel 13/24 :    0   1   2   3   4   5   6   7
thetagpu21:1729137:1729728 [0] NCCL INFO Channel 14/24 :    0   1   2   3   4   5   6   7
thetagpu21:1729137:1729728 [0] NCCL INFO Channel 15/24 :    0   1   2   3   4   5   6   7
thetagpu21:1729137:1729728 [0] NCCL INFO Channel 16/24 :    0   1   2   3   4   5   6   7
thetagpu21:1729137:1729728 [0] NCCL INFO Channel 17/24 :    0   1   2   3   4   5   6   7
thetagpu21:1729137:1729728 [0] NCCL INFO Channel 18/24 :    0   1   2   3   4   5   6   7
thetagpu21:1729137:1729728 [0] NCCL INFO Channel 19/24 :    0   1   2   3   4   5   6   7
thetagpu21:1729143:1729726 [6] NCCL INFO Trees [0] 7/-1/-1->6->5 [1] 7/-1/-1->6->5 [2] 7/-1/-1->6->5 [3] 7/-1/-1->6->5 [4] 7/-1/-1->6->5 [5] 7/-1/-1->6->5 [6] 7/-1/-1->6->5 [7] 7/-1/-1->6->5 [8] 7/-1/-1->6->5 [9] 7/-1/-1->6->5 [10] 7/-1/-1->6->5 [11] 7/-1/-1->6->5 [12] 7/-1/-1->6->5 [13] 7/-1/-1->6->5 [14] 7/-1/-1->6->5 [15] 7/-1/-1->6->5 [16] 7/-1/-1->6->5 [17] 7/-1/-1->6->5 [18] 7/-1/-1->6->5 [19] 7/-1/-1->6->5 [20] 7/-1/-1->6->5 [21] 7/-1/-1->6->5 [22] 7/-1/-1->6->5 [23] 7/-1/-1->6->5
thetagpu21:1729144:1729730 [7] NCCL INFO Trees [0] -1/-1/-1->7->6 [1] -1/-1/-1->7->6 [2] -1/-1/-1->7->6 [3] -1/-1/-1->7->6 [4] -1/-1/-1->7->6 [5] -1/-1/-1->7->6 [6] -1/-1/-1->7->6 [7] -1/-1/-1->7->6 [8] -1/-1/-1->7->6 [9] -1/-1/-1->7->6 [10] -1/-1/-1->7->6 [11] -1/-1/-1->7->6 [12] -1/-1/-1->7->6 [13] -1/-1/-1->7->6 [14] -1/-1/-1->7->6 [15] -1/-1/-1->7->6 [16] -1/-1/-1->7->6 [17] -1/-1/-1->7->6 [18] -1/-1/-1->7->6 [19] -1/-1/-1->7->6 [20] -1/-1/-1->7->6 [21] -1/-1/-1->7->6 [22] -1/-1/-1->7->6 [23] -1/-1/-1->7->6
thetagpu21:1729141:1729731 [4] NCCL INFO Trees [0] 5/-1/-1->4->3 [1] 5/-1/-1->4->3 [2] 5/-1/-1->4->3 [3] 5/-1/-1->4->3 [4] 5/-1/-1->4->3 [5] 5/-1/-1->4->3 [6] 5/-1/-1->4->3 [7] 5/-1/-1->4->3 [8] 5/-1/-1->4->3 [9] 5/-1/-1->4->3 [10] 5/-1/-1->4->3 [11] 5/-1/-1->4->3 [12] 5/-1/-1->4->3 [13] 5/-1/-1->4->3 [14] 5/-1/-1->4->3 [15] 5/-1/-1->4->3 [16] 5/-1/-1->4->3 [17] 5/-1/-1->4->3 [18] 5/-1/-1->4->3 [19] 5/-1/-1->4->3 [20] 5/-1/-1->4->3 [21] 5/-1/-1->4->3 [22] 5/-1/-1->4->3 [23] 5/-1/-1->4->3
thetagpu21:1729137:1729728 [0] NCCL INFO Channel 20/24 :    0   1   2   3   4   5   6   7
thetagpu21:1729137:1729728 [0] NCCL INFO Channel 21/24 :    0   1   2   3   4   5   6   7
thetagpu21:1729137:1729728 [0] NCCL INFO Channel 22/24 :    0   1   2   3   4   5   6   7
thetagpu21:1729137:1729728 [0] NCCL INFO Channel 23/24 :    0   1   2   3   4   5   6   7
thetagpu21:1729137:1729728 [0] NCCL INFO Trees [0] 1/-1/-1->0->-1 [1] 1/-1/-1->0->-1 [2] 1/-1/-1->0->-1 [3] 1/-1/-1->0->-1 [4] 1/-1/-1->0->-1 [5] 1/-1/-1->0->-1 [6] 1/-1/-1->0->-1 [7] 1/-1/-1->0->-1 [8] 1/-1/-1->0->-1 [9] 1/-1/-1->0->-1 [10] 1/-1/-1->0->-1 [11] 1/-1/-1->0->-1 [12] 1/-1/-1->0->-1 [13] 1/-1/-1->0->-1 [14] 1/-1/-1->0->-1 [15] 1/-1/-1->0->-1 [16] 1/-1/-1->0->-1 [17] 1/-1/-1->0->-1 [18] 1/-1/-1->0->-1 [19] 1/-1/-1->0->-1 [20] 1/-1/-1->0->-1 [21] 1/-1/-1->0->-1 [22] 1/-1/-1->0->-1 [23] 1/-1/-1->0->-1
thetagpu21:1729141:1729731 [4] NCCL INFO Channel 00 : 4[87000] -> 5[90000] via P2P/IPC/read
thetagpu21:1729142:1729729 [5] NCCL INFO Channel 00 : 5[90000] -> 6[b7000] via P2P/IPC/read
thetagpu21:1729143:1729726 [6] NCCL INFO Channel 00 : 6[b7000] -> 7[bd000] via P2P/IPC/read
thetagpu21:1729144:1729730 [7] NCCL INFO Channel 00 : 7[bd000] -> 0[7000] via P2P/IPC/read
thetagpu21:1729139:1729727 [2] NCCL INFO Channel 00 : 2[47000] -> 3[4e000] via P2P/IPC/read
thetagpu21:1729138:1729725 [1] NCCL INFO Channel 00 : 1[f000] -> 2[47000] via P2P/IPC/read
thetagpu21:1729140:1729724 [3] NCCL INFO Channel 00 : 3[4e000] -> 4[87000] via P2P/IPC/read
thetagpu21:1729137:1729728 [0] NCCL INFO Channel 00 : 0[7000] -> 1[f000] via P2P/IPC/read
thetagpu21:1729141:1729731 [4] NCCL INFO Channel 01 : 4[87000] -> 5[90000] via P2P/IPC/read
thetagpu21:1729143:1729726 [6] NCCL INFO Channel 01 : 6[b7000] -> 7[bd000] via P2P/IPC/read
thetagpu21:1729142:1729729 [5] NCCL INFO Channel 01 : 5[90000] -> 6[b7000] via P2P/IPC/read
thetagpu21:1729144:1729730 [7] NCCL INFO Channel 01 : 7[bd000] -> 0[7000] via P2P/IPC/read
thetagpu21:1729138:1729725 [1] NCCL INFO Channel 01 : 1[f000] -> 2[47000] via P2P/IPC/read
thetagpu21:1729139:1729727 [2] NCCL INFO Channel 01 : 2[47000] -> 3[4e000] via P2P/IPC/read
thetagpu21:1729140:1729724 [3] NCCL INFO Channel 01 : 3[4e000] -> 4[87000] via P2P/IPC/read
thetagpu21:1729137:1729728 [0] NCCL INFO Channel 01 : 0[7000] -> 1[f000] via P2P/IPC/read
thetagpu21:1729143:1729726 [6] NCCL INFO Channel 02 : 6[b7000] -> 7[bd000] via P2P/IPC/read
thetagpu21:1729141:1729731 [4] NCCL INFO Channel 02 : 4[87000] -> 5[90000] via P2P/IPC/read
thetagpu21:1729142:1729729 [5] NCCL INFO Channel 02 : 5[90000] -> 6[b7000] via P2P/IPC/read
thetagpu21:1729144:1729730 [7] NCCL INFO Channel 02 : 7[bd000] -> 0[7000] via P2P/IPC/read
thetagpu21:1729138:1729725 [1] NCCL INFO Channel 02 : 1[f000] -> 2[47000] via P2P/IPC/read
thetagpu21:1729139:1729727 [2] NCCL INFO Channel 02 : 2[47000] -> 3[4e000] via P2P/IPC/read
thetagpu21:1729140:1729724 [3] NCCL INFO Channel 02 : 3[4e000] -> 4[87000] via P2P/IPC/read
thetagpu21:1729137:1729728 [0] NCCL INFO Channel 02 : 0[7000] -> 1[f000] via P2P/IPC/read
thetagpu21:1729143:1729726 [6] NCCL INFO Channel 03 : 6[b7000] -> 7[bd000] via P2P/IPC/read
thetagpu21:1729141:1729731 [4] NCCL INFO Channel 03 : 4[87000] -> 5[90000] via P2P/IPC/read
thetagpu21:1729142:1729729 [5] NCCL INFO Channel 03 : 5[90000] -> 6[b7000] via P2P/IPC/read
thetagpu21:1729144:1729730 [7] NCCL INFO Channel 03 : 7[bd000] -> 0[7000] via P2P/IPC/read
thetagpu21:1729139:1729727 [2] NCCL INFO Channel 03 : 2[47000] -> 3[4e000] via P2P/IPC/read
thetagpu21:1729138:1729725 [1] NCCL INFO Channel 03 : 1[f000] -> 2[47000] via P2P/IPC/read
thetagpu21:1729140:1729724 [3] NCCL INFO Channel 03 : 3[4e000] -> 4[87000] via P2P/IPC/read
thetagpu21:1729137:1729728 [0] NCCL INFO Channel 03 : 0[7000] -> 1[f000] via P2P/IPC/read
thetagpu21:1729143:1729726 [6] NCCL INFO Channel 04 : 6[b7000] -> 7[bd000] via P2P/IPC/read
thetagpu21:1729141:1729731 [4] NCCL INFO Channel 04 : 4[87000] -> 5[90000] via P2P/IPC/read
thetagpu21:1729142:1729729 [5] NCCL INFO Channel 04 : 5[90000] -> 6[b7000] via P2P/IPC/read
thetagpu21:1729144:1729730 [7] NCCL INFO Channel 04 : 7[bd000] -> 0[7000] via P2P/IPC/read
thetagpu21:1729139:1729727 [2] NCCL INFO Channel 04 : 2[47000] -> 3[4e000] via P2P/IPC/read
thetagpu21:1729138:1729725 [1] NCCL INFO Channel 04 : 1[f000] -> 2[47000] via P2P/IPC/read
thetagpu21:1729140:1729724 [3] NCCL INFO Channel 04 : 3[4e000] -> 4[87000] via P2P/IPC/read
thetagpu21:1729137:1729728 [0] NCCL INFO Channel 04 : 0[7000] -> 1[f000] via P2P/IPC/read
thetagpu21:1729143:1729726 [6] NCCL INFO Channel 05 : 6[b7000] -> 7[bd000] via P2P/IPC/read
thetagpu21:1729142:1729729 [5] NCCL INFO Channel 05 : 5[90000] -> 6[b7000] via P2P/IPC/read
thetagpu21:1729144:1729730 [7] NCCL INFO Channel 05 : 7[bd000] -> 0[7000] via P2P/IPC/read
thetagpu21:1729141:1729731 [4] NCCL INFO Channel 05 : 4[87000] -> 5[90000] via P2P/IPC/read
thetagpu21:1729139:1729727 [2] NCCL INFO Channel 05 : 2[47000] -> 3[4e000] via P2P/IPC/read
thetagpu21:1729138:1729725 [1] NCCL INFO Channel 05 : 1[f000] -> 2[47000] via P2P/IPC/read
thetagpu21:1729140:1729724 [3] NCCL INFO Channel 05 : 3[4e000] -> 4[87000] via P2P/IPC/read
thetagpu21:1729137:1729728 [0] NCCL INFO Channel 05 : 0[7000] -> 1[f000] via P2P/IPC/read
thetagpu21:1729143:1729726 [6] NCCL INFO Channel 06 : 6[b7000] -> 7[bd000] via P2P/IPC/read
thetagpu21:1729144:1729730 [7] NCCL INFO Channel 06 : 7[bd000] -> 0[7000] via P2P/IPC/read
thetagpu21:1729142:1729729 [5] NCCL INFO Channel 06 : 5[90000] -> 6[b7000] via P2P/IPC/read
thetagpu21:1729141:1729731 [4] NCCL INFO Channel 06 : 4[87000] -> 5[90000] via P2P/IPC/read
thetagpu21:1729139:1729727 [2] NCCL INFO Channel 06 : 2[47000] -> 3[4e000] via P2P/IPC/read
thetagpu21:1729138:1729725 [1] NCCL INFO Channel 06 : 1[f000] -> 2[47000] via P2P/IPC/read
thetagpu21:1729140:1729724 [3] NCCL INFO Channel 06 : 3[4e000] -> 4[87000] via P2P/IPC/read
thetagpu21:1729137:1729728 [0] NCCL INFO Channel 06 : 0[7000] -> 1[f000] via P2P/IPC/read
thetagpu21:1729144:1729730 [7] NCCL INFO Channel 07 : 7[bd000] -> 0[7000] via P2P/IPC/read
thetagpu21:1729143:1729726 [6] NCCL INFO Channel 07 : 6[b7000] -> 7[bd000] via P2P/IPC/read
thetagpu21:1729142:1729729 [5] NCCL INFO Channel 07 : 5[90000] -> 6[b7000] via P2P/IPC/read
thetagpu21:1729141:1729731 [4] NCCL INFO Channel 07 : 4[87000] -> 5[90000] via P2P/IPC/read
thetagpu21:1729139:1729727 [2] NCCL INFO Channel 07 : 2[47000] -> 3[4e000] via P2P/IPC/read
thetagpu21:1729138:1729725 [1] NCCL INFO Channel 07 : 1[f000] -> 2[47000] via P2P/IPC/read
thetagpu21:1729140:1729724 [3] NCCL INFO Channel 07 : 3[4e000] -> 4[87000] via P2P/IPC/read
thetagpu21:1729137:1729728 [0] NCCL INFO Channel 07 : 0[7000] -> 1[f000] via P2P/IPC/read
thetagpu21:1729141:1729731 [4] NCCL INFO Channel 08 : 4[87000] -> 5[90000] via P2P/IPC/read
thetagpu21:1729143:1729726 [6] NCCL INFO Channel 08 : 6[b7000] -> 7[bd000] via P2P/IPC/read
thetagpu21:1729142:1729729 [5] NCCL INFO Channel 08 : 5[90000] -> 6[b7000] via P2P/IPC/read
thetagpu21:1729144:1729730 [7] NCCL INFO Channel 08 : 7[bd000] -> 0[7000] via P2P/IPC/read
thetagpu21:1729138:1729725 [1] NCCL INFO Channel 08 : 1[f000] -> 2[47000] via P2P/IPC/read
thetagpu21:1729139:1729727 [2] NCCL INFO Channel 08 : 2[47000] -> 3[4e000] via P2P/IPC/read
thetagpu21:1729137:1729728 [0] NCCL INFO Channel 08 : 0[7000] -> 1[f000] via P2P/IPC/read
thetagpu21:1729140:1729724 [3] NCCL INFO Channel 08 : 3[4e000] -> 4[87000] via P2P/IPC/read
thetagpu21:1729143:1729726 [6] NCCL INFO Channel 09 : 6[b7000] -> 7[bd000] via P2P/IPC/read
thetagpu21:1729144:1729730 [7] NCCL INFO Channel 09 : 7[bd000] -> 0[7000] via P2P/IPC/read
thetagpu21:1729141:1729731 [4] NCCL INFO Channel 09 : 4[87000] -> 5[90000] via P2P/IPC/read
thetagpu21:1729142:1729729 [5] NCCL INFO Channel 09 : 5[90000] -> 6[b7000] via P2P/IPC/read
thetagpu21:1729139:1729727 [2] NCCL INFO Channel 09 : 2[47000] -> 3[4e000] via P2P/IPC/read
thetagpu21:1729138:1729725 [1] NCCL INFO Channel 09 : 1[f000] -> 2[47000] via P2P/IPC/read
thetagpu21:1729137:1729728 [0] NCCL INFO Channel 09 : 0[7000] -> 1[f000] via P2P/IPC/read
thetagpu21:1729140:1729724 [3] NCCL INFO Channel 09 : 3[4e000] -> 4[87000] via P2P/IPC/read
thetagpu21:1729143:1729726 [6] NCCL INFO Channel 10 : 6[b7000] -> 7[bd000] via P2P/IPC/read
thetagpu21:1729144:1729730 [7] NCCL INFO Channel 10 : 7[bd000] -> 0[7000] via P2P/IPC/read
thetagpu21:1729142:1729729 [5] NCCL INFO Channel 10 : 5[90000] -> 6[b7000] via P2P/IPC/read
thetagpu21:1729141:1729731 [4] NCCL INFO Channel 10 : 4[87000] -> 5[90000] via P2P/IPC/read
thetagpu21:1729138:1729725 [1] NCCL INFO Channel 10 : 1[f000] -> 2[47000] via P2P/IPC/read
thetagpu21:1729139:1729727 [2] NCCL INFO Channel 10 : 2[47000] -> 3[4e000] via P2P/IPC/read
thetagpu21:1729140:1729724 [3] NCCL INFO Channel 10 : 3[4e000] -> 4[87000] via P2P/IPC/read
thetagpu21:1729137:1729728 [0] NCCL INFO Channel 10 : 0[7000] -> 1[f000] via P2P/IPC/read
thetagpu21:1729143:1729726 [6] NCCL INFO Channel 11 : 6[b7000] -> 7[bd000] via P2P/IPC/read
thetagpu21:1729141:1729731 [4] NCCL INFO Channel 11 : 4[87000] -> 5[90000] via P2P/IPC/read
thetagpu21:1729142:1729729 [5] NCCL INFO Channel 11 : 5[90000] -> 6[b7000] via P2P/IPC/read
thetagpu21:1729144:1729730 [7] NCCL INFO Channel 11 : 7[bd000] -> 0[7000] via P2P/IPC/read
thetagpu21:1729138:1729725 [1] NCCL INFO Channel 11 : 1[f000] -> 2[47000] via P2P/IPC/read
thetagpu21:1729139:1729727 [2] NCCL INFO Channel 11 : 2[47000] -> 3[4e000] via P2P/IPC/read
thetagpu21:1729137:1729728 [0] NCCL INFO Channel 11 : 0[7000] -> 1[f000] via P2P/IPC/read
thetagpu21:1729140:1729724 [3] NCCL INFO Channel 11 : 3[4e000] -> 4[87000] via P2P/IPC/read
thetagpu21:1729143:1729726 [6] NCCL INFO Channel 12 : 6[b7000] -> 7[bd000] via P2P/IPC/read
thetagpu21:1729144:1729730 [7] NCCL INFO Channel 12 : 7[bd000] -> 0[7000] via P2P/IPC/read
thetagpu21:1729141:1729731 [4] NCCL INFO Channel 12 : 4[87000] -> 5[90000] via P2P/IPC/read
thetagpu21:1729142:1729729 [5] NCCL INFO Channel 12 : 5[90000] -> 6[b7000] via P2P/IPC/read
thetagpu21:1729138:1729725 [1] NCCL INFO Channel 12 : 1[f000] -> 2[47000] via P2P/IPC/read
thetagpu21:1729139:1729727 [2] NCCL INFO Channel 12 : 2[47000] -> 3[4e000] via P2P/IPC/read
thetagpu21:1729140:1729724 [3] NCCL INFO Channel 12 : 3[4e000] -> 4[87000] via P2P/IPC/read
thetagpu21:1729137:1729728 [0] NCCL INFO Channel 12 : 0[7000] -> 1[f000] via P2P/IPC/read
thetagpu21:1729143:1729726 [6] NCCL INFO Channel 13 : 6[b7000] -> 7[bd000] via P2P/IPC/read
thetagpu21:1729144:1729730 [7] NCCL INFO Channel 13 : 7[bd000] -> 0[7000] via P2P/IPC/read
thetagpu21:1729141:1729731 [4] NCCL INFO Channel 13 : 4[87000] -> 5[90000] via P2P/IPC/read
thetagpu21:1729142:1729729 [5] NCCL INFO Channel 13 : 5[90000] -> 6[b7000] via P2P/IPC/read
thetagpu21:1729139:1729727 [2] NCCL INFO Channel 13 : 2[47000] -> 3[4e000] via P2P/IPC/read
thetagpu21:1729138:1729725 [1] NCCL INFO Channel 13 : 1[f000] -> 2[47000] via P2P/IPC/read
thetagpu21:1729137:1729728 [0] NCCL INFO Channel 13 : 0[7000] -> 1[f000] via P2P/IPC/read
thetagpu21:1729140:1729724 [3] NCCL INFO Channel 13 : 3[4e000] -> 4[87000] via P2P/IPC/read
thetagpu21:1729143:1729726 [6] NCCL INFO Channel 14 : 6[b7000] -> 7[bd000] via P2P/IPC/read
thetagpu21:1729144:1729730 [7] NCCL INFO Channel 14 : 7[bd000] -> 0[7000] via P2P/IPC/read
thetagpu21:1729141:1729731 [4] NCCL INFO Channel 14 : 4[87000] -> 5[90000] via P2P/IPC/read
thetagpu21:1729142:1729729 [5] NCCL INFO Channel 14 : 5[90000] -> 6[b7000] via P2P/IPC/read
thetagpu21:1729138:1729725 [1] NCCL INFO Channel 14 : 1[f000] -> 2[47000] via P2P/IPC/read
thetagpu21:1729139:1729727 [2] NCCL INFO Channel 14 : 2[47000] -> 3[4e000] via P2P/IPC/read
thetagpu21:1729140:1729724 [3] NCCL INFO Channel 14 : 3[4e000] -> 4[87000] via P2P/IPC/read
thetagpu21:1729137:1729728 [0] NCCL INFO Channel 14 : 0[7000] -> 1[f000] via P2P/IPC/read
thetagpu21:1729143:1729726 [6] NCCL INFO Channel 15 : 6[b7000] -> 7[bd000] via P2P/IPC/read
thetagpu21:1729144:1729730 [7] NCCL INFO Channel 15 : 7[bd000] -> 0[7000] via P2P/IPC/read
thetagpu21:1729141:1729731 [4] NCCL INFO Channel 15 : 4[87000] -> 5[90000] via P2P/IPC/read
thetagpu21:1729142:1729729 [5] NCCL INFO Channel 15 : 5[90000] -> 6[b7000] via P2P/IPC/read
thetagpu21:1729138:1729725 [1] NCCL INFO Channel 15 : 1[f000] -> 2[47000] via P2P/IPC/read
thetagpu21:1729139:1729727 [2] NCCL INFO Channel 15 : 2[47000] -> 3[4e000] via P2P/IPC/read
thetagpu21:1729140:1729724 [3] NCCL INFO Channel 15 : 3[4e000] -> 4[87000] via P2P/IPC/read
thetagpu21:1729137:1729728 [0] NCCL INFO Channel 15 : 0[7000] -> 1[f000] via P2P/IPC/read
thetagpu21:1729143:1729726 [6] NCCL INFO Channel 16 : 6[b7000] -> 7[bd000] via P2P/IPC/read
thetagpu21:1729144:1729730 [7] NCCL INFO Channel 16 : 7[bd000] -> 0[7000] via P2P/IPC/read
thetagpu21:1729141:1729731 [4] NCCL INFO Channel 16 : 4[87000] -> 5[90000] via P2P/IPC/read
thetagpu21:1729142:1729729 [5] NCCL INFO Channel 16 : 5[90000] -> 6[b7000] via P2P/IPC/read
thetagpu21:1729139:1729727 [2] NCCL INFO Channel 16 : 2[47000] -> 3[4e000] via P2P/IPC/read
thetagpu21:1729138:1729725 [1] NCCL INFO Channel 16 : 1[f000] -> 2[47000] via P2P/IPC/read
thetagpu21:1729140:1729724 [3] NCCL INFO Channel 16 : 3[4e000] -> 4[87000] via P2P/IPC/read
thetagpu21:1729137:1729728 [0] NCCL INFO Channel 16 : 0[7000] -> 1[f000] via P2P/IPC/read
thetagpu21:1729143:1729726 [6] NCCL INFO Channel 17 : 6[b7000] -> 7[bd000] via P2P/IPC/read
thetagpu21:1729144:1729730 [7] NCCL INFO Channel 17 : 7[bd000] -> 0[7000] via P2P/IPC/read
thetagpu21:1729141:1729731 [4] NCCL INFO Channel 17 : 4[87000] -> 5[90000] via P2P/IPC/read
thetagpu21:1729142:1729729 [5] NCCL INFO Channel 17 : 5[90000] -> 6[b7000] via P2P/IPC/read
thetagpu21:1729138:1729725 [1] NCCL INFO Channel 17 : 1[f000] -> 2[47000] via P2P/IPC/read
thetagpu21:1729139:1729727 [2] NCCL INFO Channel 17 : 2[47000] -> 3[4e000] via P2P/IPC/read
thetagpu21:1729140:1729724 [3] NCCL INFO Channel 17 : 3[4e000] -> 4[87000] via P2P/IPC/read
thetagpu21:1729137:1729728 [0] NCCL INFO Channel 17 : 0[7000] -> 1[f000] via P2P/IPC/read
thetagpu21:1729143:1729726 [6] NCCL INFO Channel 18 : 6[b7000] -> 7[bd000] via P2P/IPC/read
thetagpu21:1729144:1729730 [7] NCCL INFO Channel 18 : 7[bd000] -> 0[7000] via P2P/IPC/read
thetagpu21:1729141:1729731 [4] NCCL INFO Channel 18 : 4[87000] -> 5[90000] via P2P/IPC/read
thetagpu21:1729142:1729729 [5] NCCL INFO Channel 18 : 5[90000] -> 6[b7000] via P2P/IPC/read
thetagpu21:1729139:1729727 [2] NCCL INFO Channel 18 : 2[47000] -> 3[4e000] via P2P/IPC/read
thetagpu21:1729138:1729725 [1] NCCL INFO Channel 18 : 1[f000] -> 2[47000] via P2P/IPC/read
thetagpu21:1729137:1729728 [0] NCCL INFO Channel 18 : 0[7000] -> 1[f000] via P2P/IPC/read
thetagpu21:1729140:1729724 [3] NCCL INFO Channel 18 : 3[4e000] -> 4[87000] via P2P/IPC/read
thetagpu21:1729143:1729726 [6] NCCL INFO Channel 19 : 6[b7000] -> 7[bd000] via P2P/IPC/read
thetagpu21:1729144:1729730 [7] NCCL INFO Channel 19 : 7[bd000] -> 0[7000] via P2P/IPC/read
thetagpu21:1729141:1729731 [4] NCCL INFO Channel 19 : 4[87000] -> 5[90000] via P2P/IPC/read
thetagpu21:1729142:1729729 [5] NCCL INFO Channel 19 : 5[90000] -> 6[b7000] via P2P/IPC/read
thetagpu21:1729138:1729725 [1] NCCL INFO Channel 19 : 1[f000] -> 2[47000] via P2P/IPC/read
thetagpu21:1729139:1729727 [2] NCCL INFO Channel 19 : 2[47000] -> 3[4e000] via P2P/IPC/read
thetagpu21:1729140:1729724 [3] NCCL INFO Channel 19 : 3[4e000] -> 4[87000] via P2P/IPC/read
thetagpu21:1729137:1729728 [0] NCCL INFO Channel 19 : 0[7000] -> 1[f000] via P2P/IPC/read
thetagpu21:1729143:1729726 [6] NCCL INFO Channel 20 : 6[b7000] -> 7[bd000] via P2P/IPC/read
thetagpu21:1729144:1729730 [7] NCCL INFO Channel 20 : 7[bd000] -> 0[7000] via P2P/IPC/read
thetagpu21:1729141:1729731 [4] NCCL INFO Channel 20 : 4[87000] -> 5[90000] via P2P/IPC/read
thetagpu21:1729142:1729729 [5] NCCL INFO Channel 20 : 5[90000] -> 6[b7000] via P2P/IPC/read
thetagpu21:1729139:1729727 [2] NCCL INFO Channel 20 : 2[47000] -> 3[4e000] via P2P/IPC/read
thetagpu21:1729138:1729725 [1] NCCL INFO Channel 20 : 1[f000] -> 2[47000] via P2P/IPC/read
thetagpu21:1729140:1729724 [3] NCCL INFO Channel 20 : 3[4e000] -> 4[87000] via P2P/IPC/read
thetagpu21:1729137:1729728 [0] NCCL INFO Channel 20 : 0[7000] -> 1[f000] via P2P/IPC/read
thetagpu21:1729143:1729726 [6] NCCL INFO Channel 21 : 6[b7000] -> 7[bd000] via P2P/IPC/read
thetagpu21:1729144:1729730 [7] NCCL INFO Channel 21 : 7[bd000] -> 0[7000] via P2P/IPC/read
thetagpu21:1729141:1729731 [4] NCCL INFO Channel 21 : 4[87000] -> 5[90000] via P2P/IPC/read
thetagpu21:1729142:1729729 [5] NCCL INFO Channel 21 : 5[90000] -> 6[b7000] via P2P/IPC/read
thetagpu21:1729138:1729725 [1] NCCL INFO Channel 21 : 1[f000] -> 2[47000] via P2P/IPC/read
thetagpu21:1729139:1729727 [2] NCCL INFO Channel 21 : 2[47000] -> 3[4e000] via P2P/IPC/read
thetagpu21:1729140:1729724 [3] NCCL INFO Channel 21 : 3[4e000] -> 4[87000] via P2P/IPC/read
thetagpu21:1729137:1729728 [0] NCCL INFO Channel 21 : 0[7000] -> 1[f000] via P2P/IPC/read
thetagpu21:1729143:1729726 [6] NCCL INFO Channel 22 : 6[b7000] -> 7[bd000] via P2P/IPC/read
thetagpu21:1729144:1729730 [7] NCCL INFO Channel 22 : 7[bd000] -> 0[7000] via P2P/IPC/read
thetagpu21:1729142:1729729 [5] NCCL INFO Channel 22 : 5[90000] -> 6[b7000] via P2P/IPC/read
thetagpu21:1729141:1729731 [4] NCCL INFO Channel 22 : 4[87000] -> 5[90000] via P2P/IPC/read
thetagpu21:1729139:1729727 [2] NCCL INFO Channel 22 : 2[47000] -> 3[4e000] via P2P/IPC/read
thetagpu21:1729138:1729725 [1] NCCL INFO Channel 22 : 1[f000] -> 2[47000] via P2P/IPC/read
thetagpu21:1729140:1729724 [3] NCCL INFO Channel 22 : 3[4e000] -> 4[87000] via P2P/IPC/read
thetagpu21:1729137:1729728 [0] NCCL INFO Channel 22 : 0[7000] -> 1[f000] via P2P/IPC/read
thetagpu21:1729143:1729726 [6] NCCL INFO Channel 23 : 6[b7000] -> 7[bd000] via P2P/IPC/read
thetagpu21:1729144:1729730 [7] NCCL INFO Channel 23 : 7[bd000] -> 0[7000] via P2P/IPC/read
thetagpu21:1729142:1729729 [5] NCCL INFO Channel 23 : 5[90000] -> 6[b7000] via P2P/IPC/read
thetagpu21:1729141:1729731 [4] NCCL INFO Channel 23 : 4[87000] -> 5[90000] via P2P/IPC/read
thetagpu21:1729139:1729727 [2] NCCL INFO Channel 23 : 2[47000] -> 3[4e000] via P2P/IPC/read
thetagpu21:1729138:1729725 [1] NCCL INFO Channel 23 : 1[f000] -> 2[47000] via P2P/IPC/read
thetagpu21:1729137:1729728 [0] NCCL INFO Channel 23 : 0[7000] -> 1[f000] via P2P/IPC/read
thetagpu21:1729140:1729724 [3] NCCL INFO Channel 23 : 3[4e000] -> 4[87000] via P2P/IPC/read
thetagpu21:1729143:1729726 [6] NCCL INFO Connected all rings
thetagpu21:1729142:1729729 [5] NCCL INFO Connected all rings
thetagpu21:1729139:1729727 [2] NCCL INFO Connected all rings
thetagpu21:1729141:1729731 [4] NCCL INFO Connected all rings
thetagpu21:1729144:1729730 [7] NCCL INFO Connected all rings
thetagpu21:1729144:1729730 [7] NCCL INFO Channel 00 : 7[bd000] -> 6[b7000] via P2P/IPC/read
thetagpu21:1729140:1729724 [3] NCCL INFO Connected all rings
thetagpu21:1729138:1729725 [1] NCCL INFO Connected all rings
thetagpu21:1729137:1729728 [0] NCCL INFO Connected all rings
thetagpu21:1729144:1729730 [7] NCCL INFO Channel 01 : 7[bd000] -> 6[b7000] via P2P/IPC/read
thetagpu21:1729144:1729730 [7] NCCL INFO Channel 02 : 7[bd000] -> 6[b7000] via P2P/IPC/read
thetagpu21:1729144:1729730 [7] NCCL INFO Channel 03 : 7[bd000] -> 6[b7000] via P2P/IPC/read
thetagpu21:1729144:1729730 [7] NCCL INFO Channel 04 : 7[bd000] -> 6[b7000] via P2P/IPC/read
thetagpu21:1729144:1729730 [7] NCCL INFO Channel 05 : 7[bd000] -> 6[b7000] via P2P/IPC/read
thetagpu21:1729144:1729730 [7] NCCL INFO Channel 06 : 7[bd000] -> 6[b7000] via P2P/IPC/read
thetagpu21:1729144:1729730 [7] NCCL INFO Channel 07 : 7[bd000] -> 6[b7000] via P2P/IPC/read
thetagpu21:1729144:1729730 [7] NCCL INFO Channel 08 : 7[bd000] -> 6[b7000] via P2P/IPC/read
thetagpu21:1729144:1729730 [7] NCCL INFO Channel 09 : 7[bd000] -> 6[b7000] via P2P/IPC/read
thetagpu21:1729144:1729730 [7] NCCL INFO Channel 10 : 7[bd000] -> 6[b7000] via P2P/IPC/read
thetagpu21:1729144:1729730 [7] NCCL INFO Channel 11 : 7[bd000] -> 6[b7000] via P2P/IPC/read
thetagpu21:1729144:1729730 [7] NCCL INFO Channel 12 : 7[bd000] -> 6[b7000] via P2P/IPC/read
thetagpu21:1729144:1729730 [7] NCCL INFO Channel 13 : 7[bd000] -> 6[b7000] via P2P/IPC/read
thetagpu21:1729144:1729730 [7] NCCL INFO Channel 14 : 7[bd000] -> 6[b7000] via P2P/IPC/read
thetagpu21:1729144:1729730 [7] NCCL INFO Channel 15 : 7[bd000] -> 6[b7000] via P2P/IPC/read
thetagpu21:1729144:1729730 [7] NCCL INFO Channel 16 : 7[bd000] -> 6[b7000] via P2P/IPC/read
thetagpu21:1729144:1729730 [7] NCCL INFO Channel 17 : 7[bd000] -> 6[b7000] via P2P/IPC/read
thetagpu21:1729144:1729730 [7] NCCL INFO Channel 18 : 7[bd000] -> 6[b7000] via P2P/IPC/read
thetagpu21:1729144:1729730 [7] NCCL INFO Channel 19 : 7[bd000] -> 6[b7000] via P2P/IPC/read
thetagpu21:1729144:1729730 [7] NCCL INFO Channel 20 : 7[bd000] -> 6[b7000] via P2P/IPC/read
thetagpu21:1729144:1729730 [7] NCCL INFO Channel 21 : 7[bd000] -> 6[b7000] via P2P/IPC/read
thetagpu21:1729144:1729730 [7] NCCL INFO Channel 22 : 7[bd000] -> 6[b7000] via P2P/IPC/read
thetagpu21:1729144:1729730 [7] NCCL INFO Channel 23 : 7[bd000] -> 6[b7000] via P2P/IPC/read
thetagpu21:1729143:1729726 [6] NCCL INFO Channel 00 : 6[b7000] -> 5[90000] via P2P/IPC/read
thetagpu21:1729142:1729729 [5] NCCL INFO Channel 00 : 5[90000] -> 4[87000] via P2P/IPC/read
thetagpu21:1729139:1729727 [2] NCCL INFO Channel 00 : 2[47000] -> 1[f000] via P2P/IPC/read
thetagpu21:1729141:1729731 [4] NCCL INFO Channel 00 : 4[87000] -> 3[4e000] via P2P/IPC/read
thetagpu21:1729140:1729724 [3] NCCL INFO Channel 00 : 3[4e000] -> 2[47000] via P2P/IPC/read
thetagpu21:1729138:1729725 [1] NCCL INFO Channel 00 : 1[f000] -> 0[7000] via P2P/IPC/read
thetagpu21:1729143:1729726 [6] NCCL INFO Channel 01 : 6[b7000] -> 5[90000] via P2P/IPC/read
thetagpu21:1729142:1729729 [5] NCCL INFO Channel 01 : 5[90000] -> 4[87000] via P2P/IPC/read
thetagpu21:1729139:1729727 [2] NCCL INFO Channel 01 : 2[47000] -> 1[f000] via P2P/IPC/read
thetagpu21:1729140:1729724 [3] NCCL INFO Channel 01 : 3[4e000] -> 2[47000] via P2P/IPC/read
thetagpu21:1729141:1729731 [4] NCCL INFO Channel 01 : 4[87000] -> 3[4e000] via P2P/IPC/read
thetagpu21:1729138:1729725 [1] NCCL INFO Channel 01 : 1[f000] -> 0[7000] via P2P/IPC/read
thetagpu21:1729143:1729726 [6] NCCL INFO Channel 02 : 6[b7000] -> 5[90000] via P2P/IPC/read
thetagpu21:1729142:1729729 [5] NCCL INFO Channel 02 : 5[90000] -> 4[87000] via P2P/IPC/read
thetagpu21:1729139:1729727 [2] NCCL INFO Channel 02 : 2[47000] -> 1[f000] via P2P/IPC/read
thetagpu21:1729141:1729731 [4] NCCL INFO Channel 02 : 4[87000] -> 3[4e000] via P2P/IPC/read
thetagpu21:1729138:1729725 [1] NCCL INFO Channel 02 : 1[f000] -> 0[7000] via P2P/IPC/read
thetagpu21:1729140:1729724 [3] NCCL INFO Channel 02 : 3[4e000] -> 2[47000] via P2P/IPC/read
thetagpu21:1729142:1729729 [5] NCCL INFO Channel 03 : 5[90000] -> 4[87000] via P2P/IPC/read
thetagpu21:1729143:1729726 [6] NCCL INFO Channel 03 : 6[b7000] -> 5[90000] via P2P/IPC/read
thetagpu21:1729141:1729731 [4] NCCL INFO Channel 03 : 4[87000] -> 3[4e000] via P2P/IPC/read
thetagpu21:1729139:1729727 [2] NCCL INFO Channel 03 : 2[47000] -> 1[f000] via P2P/IPC/read
thetagpu21:1729140:1729724 [3] NCCL INFO Channel 03 : 3[4e000] -> 2[47000] via P2P/IPC/read
thetagpu21:1729138:1729725 [1] NCCL INFO Channel 03 : 1[f000] -> 0[7000] via P2P/IPC/read
thetagpu21:1729142:1729729 [5] NCCL INFO Channel 04 : 5[90000] -> 4[87000] via P2P/IPC/read
thetagpu21:1729143:1729726 [6] NCCL INFO Channel 04 : 6[b7000] -> 5[90000] via P2P/IPC/read
thetagpu21:1729139:1729727 [2] NCCL INFO Channel 04 : 2[47000] -> 1[f000] via P2P/IPC/read
thetagpu21:1729140:1729724 [3] NCCL INFO Channel 04 : 3[4e000] -> 2[47000] via P2P/IPC/read
thetagpu21:1729138:1729725 [1] NCCL INFO Channel 04 : 1[f000] -> 0[7000] via P2P/IPC/read
thetagpu21:1729141:1729731 [4] NCCL INFO Channel 04 : 4[87000] -> 3[4e000] via P2P/IPC/read
thetagpu21:1729143:1729726 [6] NCCL INFO Channel 05 : 6[b7000] -> 5[90000] via P2P/IPC/read
thetagpu21:1729142:1729729 [5] NCCL INFO Channel 05 : 5[90000] -> 4[87000] via P2P/IPC/read
thetagpu21:1729140:1729724 [3] NCCL INFO Channel 05 : 3[4e000] -> 2[47000] via P2P/IPC/read
thetagpu21:1729138:1729725 [1] NCCL INFO Channel 05 : 1[f000] -> 0[7000] via P2P/IPC/read
thetagpu21:1729141:1729731 [4] NCCL INFO Channel 05 : 4[87000] -> 3[4e000] via P2P/IPC/read
thetagpu21:1729139:1729727 [2] NCCL INFO Channel 05 : 2[47000] -> 1[f000] via P2P/IPC/read
thetagpu21:1729142:1729729 [5] NCCL INFO Channel 06 : 5[90000] -> 4[87000] via P2P/IPC/read
thetagpu21:1729143:1729726 [6] NCCL INFO Channel 06 : 6[b7000] -> 5[90000] via P2P/IPC/read
thetagpu21:1729139:1729727 [2] NCCL INFO Channel 06 : 2[47000] -> 1[f000] via P2P/IPC/read
thetagpu21:1729140:1729724 [3] NCCL INFO Channel 06 : 3[4e000] -> 2[47000] via P2P/IPC/read
thetagpu21:1729141:1729731 [4] NCCL INFO Channel 06 : 4[87000] -> 3[4e000] via P2P/IPC/read
thetagpu21:1729138:1729725 [1] NCCL INFO Channel 06 : 1[f000] -> 0[7000] via P2P/IPC/read
thetagpu21:1729143:1729726 [6] NCCL INFO Channel 07 : 6[b7000] -> 5[90000] via P2P/IPC/read
thetagpu21:1729142:1729729 [5] NCCL INFO Channel 07 : 5[90000] -> 4[87000] via P2P/IPC/read
thetagpu21:1729141:1729731 [4] NCCL INFO Channel 07 : 4[87000] -> 3[4e000] via P2P/IPC/read
thetagpu21:1729140:1729724 [3] NCCL INFO Channel 07 : 3[4e000] -> 2[47000] via P2P/IPC/read
thetagpu21:1729139:1729727 [2] NCCL INFO Channel 07 : 2[47000] -> 1[f000] via P2P/IPC/read
thetagpu21:1729138:1729725 [1] NCCL INFO Channel 07 : 1[f000] -> 0[7000] via P2P/IPC/read
thetagpu21:1729142:1729729 [5] NCCL INFO Channel 08 : 5[90000] -> 4[87000] via P2P/IPC/read
thetagpu21:1729143:1729726 [6] NCCL INFO Channel 08 : 6[b7000] -> 5[90000] via P2P/IPC/read
thetagpu21:1729139:1729727 [2] NCCL INFO Channel 08 : 2[47000] -> 1[f000] via P2P/IPC/read
thetagpu21:1729141:1729731 [4] NCCL INFO Channel 08 : 4[87000] -> 3[4e000] via P2P/IPC/read
thetagpu21:1729140:1729724 [3] NCCL INFO Channel 08 : 3[4e000] -> 2[47000] via P2P/IPC/read
thetagpu21:1729138:1729725 [1] NCCL INFO Channel 08 : 1[f000] -> 0[7000] via P2P/IPC/read
thetagpu21:1729143:1729726 [6] NCCL INFO Channel 09 : 6[b7000] -> 5[90000] via P2P/IPC/read
thetagpu21:1729142:1729729 [5] NCCL INFO Channel 09 : 5[90000] -> 4[87000] via P2P/IPC/read
thetagpu21:1729141:1729731 [4] NCCL INFO Channel 09 : 4[87000] -> 3[4e000] via P2P/IPC/read
thetagpu21:1729139:1729727 [2] NCCL INFO Channel 09 : 2[47000] -> 1[f000] via P2P/IPC/read
thetagpu21:1729138:1729725 [1] NCCL INFO Channel 09 : 1[f000] -> 0[7000] via P2P/IPC/read
thetagpu21:1729140:1729724 [3] NCCL INFO Channel 09 : 3[4e000] -> 2[47000] via P2P/IPC/read
thetagpu21:1729143:1729726 [6] NCCL INFO Channel 10 : 6[b7000] -> 5[90000] via P2P/IPC/read
thetagpu21:1729142:1729729 [5] NCCL INFO Channel 10 : 5[90000] -> 4[87000] via P2P/IPC/read
thetagpu21:1729141:1729731 [4] NCCL INFO Channel 10 : 4[87000] -> 3[4e000] via P2P/IPC/read
thetagpu21:1729139:1729727 [2] NCCL INFO Channel 10 : 2[47000] -> 1[f000] via P2P/IPC/read
thetagpu21:1729140:1729724 [3] NCCL INFO Channel 10 : 3[4e000] -> 2[47000] via P2P/IPC/read
thetagpu21:1729138:1729725 [1] NCCL INFO Channel 10 : 1[f000] -> 0[7000] via P2P/IPC/read
thetagpu21:1729143:1729726 [6] NCCL INFO Channel 11 : 6[b7000] -> 5[90000] via P2P/IPC/read
thetagpu21:1729142:1729729 [5] NCCL INFO Channel 11 : 5[90000] -> 4[87000] via P2P/IPC/read
thetagpu21:1729141:1729731 [4] NCCL INFO Channel 11 : 4[87000] -> 3[4e000] via P2P/IPC/read
thetagpu21:1729139:1729727 [2] NCCL INFO Channel 11 : 2[47000] -> 1[f000] via P2P/IPC/read
thetagpu21:1729138:1729725 [1] NCCL INFO Channel 11 : 1[f000] -> 0[7000] via P2P/IPC/read
thetagpu21:1729140:1729724 [3] NCCL INFO Channel 11 : 3[4e000] -> 2[47000] via P2P/IPC/read
thetagpu21:1729143:1729726 [6] NCCL INFO Channel 12 : 6[b7000] -> 5[90000] via P2P/IPC/read
thetagpu21:1729142:1729729 [5] NCCL INFO Channel 12 : 5[90000] -> 4[87000] via P2P/IPC/read
thetagpu21:1729139:1729727 [2] NCCL INFO Channel 12 : 2[47000] -> 1[f000] via P2P/IPC/read
thetagpu21:1729141:1729731 [4] NCCL INFO Channel 12 : 4[87000] -> 3[4e000] via P2P/IPC/read
thetagpu21:1729140:1729724 [3] NCCL INFO Channel 12 : 3[4e000] -> 2[47000] via P2P/IPC/read
thetagpu21:1729138:1729725 [1] NCCL INFO Channel 12 : 1[f000] -> 0[7000] via P2P/IPC/read
thetagpu21:1729143:1729726 [6] NCCL INFO Channel 13 : 6[b7000] -> 5[90000] via P2P/IPC/read
thetagpu21:1729142:1729729 [5] NCCL INFO Channel 13 : 5[90000] -> 4[87000] via P2P/IPC/read
thetagpu21:1729140:1729724 [3] NCCL INFO Channel 13 : 3[4e000] -> 2[47000] via P2P/IPC/read
thetagpu21:1729141:1729731 [4] NCCL INFO Channel 13 : 4[87000] -> 3[4e000] via P2P/IPC/read
thetagpu21:1729138:1729725 [1] NCCL INFO Channel 13 : 1[f000] -> 0[7000] via P2P/IPC/read
thetagpu21:1729139:1729727 [2] NCCL INFO Channel 13 : 2[47000] -> 1[f000] via P2P/IPC/read
thetagpu21:1729142:1729729 [5] NCCL INFO Channel 14 : 5[90000] -> 4[87000] via P2P/IPC/read
thetagpu21:1729143:1729726 [6] NCCL INFO Channel 14 : 6[b7000] -> 5[90000] via P2P/IPC/read
thetagpu21:1729139:1729727 [2] NCCL INFO Channel 14 : 2[47000] -> 1[f000] via P2P/IPC/read
thetagpu21:1729141:1729731 [4] NCCL INFO Channel 14 : 4[87000] -> 3[4e000] via P2P/IPC/read
thetagpu21:1729138:1729725 [1] NCCL INFO Channel 14 : 1[f000] -> 0[7000] via P2P/IPC/read
thetagpu21:1729140:1729724 [3] NCCL INFO Channel 14 : 3[4e000] -> 2[47000] via P2P/IPC/read
thetagpu21:1729143:1729726 [6] NCCL INFO Channel 15 : 6[b7000] -> 5[90000] via P2P/IPC/read
thetagpu21:1729142:1729729 [5] NCCL INFO Channel 15 : 5[90000] -> 4[87000] via P2P/IPC/read
thetagpu21:1729139:1729727 [2] NCCL INFO Channel 15 : 2[47000] -> 1[f000] via P2P/IPC/read
thetagpu21:1729140:1729724 [3] NCCL INFO Channel 15 : 3[4e000] -> 2[47000] via P2P/IPC/read
thetagpu21:1729141:1729731 [4] NCCL INFO Channel 15 : 4[87000] -> 3[4e000] via P2P/IPC/read
thetagpu21:1729138:1729725 [1] NCCL INFO Channel 15 : 1[f000] -> 0[7000] via P2P/IPC/read
thetagpu21:1729143:1729726 [6] NCCL INFO Channel 16 : 6[b7000] -> 5[90000] via P2P/IPC/read
thetagpu21:1729142:1729729 [5] NCCL INFO Channel 16 : 5[90000] -> 4[87000] via P2P/IPC/read
thetagpu21:1729139:1729727 [2] NCCL INFO Channel 16 : 2[47000] -> 1[f000] via P2P/IPC/read
thetagpu21:1729141:1729731 [4] NCCL INFO Channel 16 : 4[87000] -> 3[4e000] via P2P/IPC/read
thetagpu21:1729140:1729724 [3] NCCL INFO Channel 16 : 3[4e000] -> 2[47000] via P2P/IPC/read
thetagpu21:1729138:1729725 [1] NCCL INFO Channel 16 : 1[f000] -> 0[7000] via P2P/IPC/read
thetagpu21:1729143:1729726 [6] NCCL INFO Channel 17 : 6[b7000] -> 5[90000] via P2P/IPC/read
thetagpu21:1729142:1729729 [5] NCCL INFO Channel 17 : 5[90000] -> 4[87000] via P2P/IPC/read
thetagpu21:1729139:1729727 [2] NCCL INFO Channel 17 : 2[47000] -> 1[f000] via P2P/IPC/read
thetagpu21:1729141:1729731 [4] NCCL INFO Channel 17 : 4[87000] -> 3[4e000] via P2P/IPC/read
thetagpu21:1729140:1729724 [3] NCCL INFO Channel 17 : 3[4e000] -> 2[47000] via P2P/IPC/read
thetagpu21:1729138:1729725 [1] NCCL INFO Channel 17 : 1[f000] -> 0[7000] via P2P/IPC/read
thetagpu21:1729143:1729726 [6] NCCL INFO Channel 18 : 6[b7000] -> 5[90000] via P2P/IPC/read
thetagpu21:1729142:1729729 [5] NCCL INFO Channel 18 : 5[90000] -> 4[87000] via P2P/IPC/read
thetagpu21:1729139:1729727 [2] NCCL INFO Channel 18 : 2[47000] -> 1[f000] via P2P/IPC/read
thetagpu21:1729140:1729724 [3] NCCL INFO Channel 18 : 3[4e000] -> 2[47000] via P2P/IPC/read
thetagpu21:1729141:1729731 [4] NCCL INFO Channel 18 : 4[87000] -> 3[4e000] via P2P/IPC/read
thetagpu21:1729138:1729725 [1] NCCL INFO Channel 18 : 1[f000] -> 0[7000] via P2P/IPC/read
thetagpu21:1729142:1729729 [5] NCCL INFO Channel 19 : 5[90000] -> 4[87000] via P2P/IPC/read
thetagpu21:1729143:1729726 [6] NCCL INFO Channel 19 : 6[b7000] -> 5[90000] via P2P/IPC/read
thetagpu21:1729139:1729727 [2] NCCL INFO Channel 19 : 2[47000] -> 1[f000] via P2P/IPC/read
thetagpu21:1729140:1729724 [3] NCCL INFO Channel 19 : 3[4e000] -> 2[47000] via P2P/IPC/read
thetagpu21:1729141:1729731 [4] NCCL INFO Channel 19 : 4[87000] -> 3[4e000] via P2P/IPC/read
thetagpu21:1729138:1729725 [1] NCCL INFO Channel 19 : 1[f000] -> 0[7000] via P2P/IPC/read
thetagpu21:1729143:1729726 [6] NCCL INFO Channel 20 : 6[b7000] -> 5[90000] via P2P/IPC/read
thetagpu21:1729142:1729729 [5] NCCL INFO Channel 20 : 5[90000] -> 4[87000] via P2P/IPC/read
thetagpu21:1729139:1729727 [2] NCCL INFO Channel 20 : 2[47000] -> 1[f000] via P2P/IPC/read
thetagpu21:1729140:1729724 [3] NCCL INFO Channel 20 : 3[4e000] -> 2[47000] via P2P/IPC/read
thetagpu21:1729141:1729731 [4] NCCL INFO Channel 20 : 4[87000] -> 3[4e000] via P2P/IPC/read
thetagpu21:1729138:1729725 [1] NCCL INFO Channel 20 : 1[f000] -> 0[7000] via P2P/IPC/read
thetagpu21:1729143:1729726 [6] NCCL INFO Channel 21 : 6[b7000] -> 5[90000] via P2P/IPC/read
thetagpu21:1729142:1729729 [5] NCCL INFO Channel 21 : 5[90000] -> 4[87000] via P2P/IPC/read
thetagpu21:1729139:1729727 [2] NCCL INFO Channel 21 : 2[47000] -> 1[f000] via P2P/IPC/read
thetagpu21:1729140:1729724 [3] NCCL INFO Channel 21 : 3[4e000] -> 2[47000] via P2P/IPC/read
thetagpu21:1729138:1729725 [1] NCCL INFO Channel 21 : 1[f000] -> 0[7000] via P2P/IPC/read
thetagpu21:1729141:1729731 [4] NCCL INFO Channel 21 : 4[87000] -> 3[4e000] via P2P/IPC/read
thetagpu21:1729142:1729729 [5] NCCL INFO Channel 22 : 5[90000] -> 4[87000] via P2P/IPC/read
thetagpu21:1729143:1729726 [6] NCCL INFO Channel 22 : 6[b7000] -> 5[90000] via P2P/IPC/read
thetagpu21:1729139:1729727 [2] NCCL INFO Channel 22 : 2[47000] -> 1[f000] via P2P/IPC/read
thetagpu21:1729140:1729724 [3] NCCL INFO Channel 22 : 3[4e000] -> 2[47000] via P2P/IPC/read
thetagpu21:1729141:1729731 [4] NCCL INFO Channel 22 : 4[87000] -> 3[4e000] via P2P/IPC/read
thetagpu21:1729138:1729725 [1] NCCL INFO Channel 22 : 1[f000] -> 0[7000] via P2P/IPC/read
thetagpu21:1729143:1729726 [6] NCCL INFO Channel 23 : 6[b7000] -> 5[90000] via P2P/IPC/read
thetagpu21:1729142:1729729 [5] NCCL INFO Channel 23 : 5[90000] -> 4[87000] via P2P/IPC/read
thetagpu21:1729139:1729727 [2] NCCL INFO Channel 23 : 2[47000] -> 1[f000] via P2P/IPC/read
thetagpu21:1729140:1729724 [3] NCCL INFO Channel 23 : 3[4e000] -> 2[47000] via P2P/IPC/read
thetagpu21:1729138:1729725 [1] NCCL INFO Channel 23 : 1[f000] -> 0[7000] via P2P/IPC/read
thetagpu21:1729141:1729731 [4] NCCL INFO Channel 23 : 4[87000] -> 3[4e000] via P2P/IPC/read
thetagpu21:1729144:1729730 [7] NCCL INFO Connected all trees
thetagpu21:1729144:1729730 [7] NCCL INFO threadThresholds 8/8/64 | 64/8/64 | 8/8/512
thetagpu21:1729137:1729728 [0] NCCL INFO Connected all trees
thetagpu21:1729137:1729728 [0] NCCL INFO threadThresholds 8/8/64 | 64/8/64 | 8/8/512
thetagpu21:1729144:1729730 [7] NCCL INFO 24 coll channels, 32 p2p channels, 32 p2p channels per peer
thetagpu21:1729137:1729728 [0] NCCL INFO 24 coll channels, 32 p2p channels, 32 p2p channels per peer
thetagpu21:1729143:1729726 [6] NCCL INFO Connected all trees
thetagpu21:1729143:1729726 [6] NCCL INFO threadThresholds 8/8/64 | 64/8/64 | 8/8/512
thetagpu21:1729142:1729729 [5] NCCL INFO Connected all trees
thetagpu21:1729142:1729729 [5] NCCL INFO threadThresholds 8/8/64 | 64/8/64 | 8/8/512
thetagpu21:1729139:1729727 [2] NCCL INFO Connected all trees
thetagpu21:1729139:1729727 [2] NCCL INFO threadThresholds 8/8/64 | 64/8/64 | 8/8/512
thetagpu21:1729140:1729724 [3] NCCL INFO Connected all trees
thetagpu21:1729140:1729724 [3] NCCL INFO threadThresholds 8/8/64 | 64/8/64 | 8/8/512
thetagpu21:1729141:1729731 [4] NCCL INFO Connected all trees
thetagpu21:1729141:1729731 [4] NCCL INFO threadThresholds 8/8/64 | 64/8/64 | 8/8/512
thetagpu21:1729138:1729725 [1] NCCL INFO Connected all trees
thetagpu21:1729138:1729725 [1] NCCL INFO threadThresholds 8/8/64 | 64/8/64 | 8/8/512
thetagpu21:1729143:1729726 [6] NCCL INFO 24 coll channels, 32 p2p channels, 32 p2p channels per peer
thetagpu21:1729142:1729729 [5] NCCL INFO 24 coll channels, 32 p2p channels, 32 p2p channels per peer
thetagpu21:1729139:1729727 [2] NCCL INFO 24 coll channels, 32 p2p channels, 32 p2p channels per peer
thetagpu21:1729140:1729724 [3] NCCL INFO 24 coll channels, 32 p2p channels, 32 p2p channels per peer
thetagpu21:1729141:1729731 [4] NCCL INFO 24 coll channels, 32 p2p channels, 32 p2p channels per peer
thetagpu21:1729138:1729725 [1] NCCL INFO 24 coll channels, 32 p2p channels, 32 p2p channels per peer
thetagpu21:1729143:1729726 [6] NCCL INFO comm 0x7f5b5b0d9930 rank 6 nranks 8 cudaDev 6 busId b7000 - Init COMPLETE
thetagpu21:1729140:1729724 [3] NCCL INFO comm 0x7fe72f0d8930 rank 3 nranks 8 cudaDev 3 busId 4e000 - Init COMPLETE
thetagpu21:1729139:1729727 [2] NCCL INFO comm 0x7f5ae30b80b0 rank 2 nranks 8 cudaDev 2 busId 47000 - Init COMPLETE
thetagpu21:1729142:1729729 [5] NCCL INFO comm 0x7f4c570e1930 rank 5 nranks 8 cudaDev 5 busId 90000 - Init COMPLETE
thetagpu21:1729137:1729728 [0] NCCL INFO comm 0x7fdcb30fd660 rank 0 nranks 8 cudaDev 0 busId 7000 - Init COMPLETE
thetagpu21:1729144:1729730 [7] NCCL INFO comm 0x7feddb0da0f0 rank 7 nranks 8 cudaDev 7 busId bd000 - Init COMPLETE
thetagpu21:1729141:1729731 [4] NCCL INFO comm 0x7fa3ab0b80b0 rank 4 nranks 8 cudaDev 4 busId 87000 - Init COMPLETE
thetagpu21:1729138:1729725 [1] NCCL INFO comm 0x7f0dc70e1930 rank 1 nranks 8 cudaDev 1 busId f000 - Init COMPLETE
thetagpu21:1729137:1729728 [0] NCCL INFO Launch mode Parallel
[[36m2022-11-09 15:29:30,202[0m][[34mai4sci.trainer[0m][[32mINFO[0m] - [0] [0/1: 0 / 160145 (0%)] epoch=0.0000 dt=21.4660 running_loss=0.0000 batch_loss=0.0296 acc=0.0000 batch_acc=0.0039[0m
[[36m2022-11-09 15:29:37,156[0m][[34mai4sci.trainer[0m][[32mINFO[0m] - [0] [0/1: 2560 / 160145 (2%)] epoch=0.0000 dt=0.2910 running_loss=0.0005 batch_loss=0.0279 acc=0.0000 batch_acc=0.0000[0m
[[36m2022-11-09 15:29:40,884[0m][[34mai4sci.trainer[0m][[32mINFO[0m] - [0] [0/1: 5120 / 160145 (3%)] epoch=0.0000 dt=0.2823 running_loss=0.0010 batch_loss=0.0282 acc=0.0000 batch_acc=0.0000[0m
[[36m2022-11-09 15:29:45,447[0m][[34mai4sci.trainer[0m][[32mINFO[0m] - [0] [0/1: 7680 / 160145 (5%)] epoch=0.0000 dt=0.2692 running_loss=0.0014 batch_loss=0.0270 acc=0.0000 batch_acc=0.0000[0m
[[36m2022-11-09 15:29:49,547[0m][[34mai4sci.trainer[0m][[32mINFO[0m] - [0] [0/1: 10240 / 160145 (6%)] epoch=0.0000 dt=0.3010 running_loss=0.0019 batch_loss=0.0275 acc=0.0001 batch_acc=0.0078[0m
[[36m2022-11-09 15:29:53,939[0m][[34mai4sci.trainer[0m][[32mINFO[0m] - [0] [0/1: 12800 / 160145 (8%)] epoch=0.0000 dt=0.3128 running_loss=0.0023 batch_loss=0.0272 acc=0.0001 batch_acc=0.0000[0m
[[36m2022-11-09 15:29:58,214[0m][[34mai4sci.trainer[0m][[32mINFO[0m] - [0] [0/1: 15360 / 160145 (10%)] epoch=0.0000 dt=0.2700 running_loss=0.0027 batch_loss=0.0271 acc=0.0001 batch_acc=0.0000[0m
[[36m2022-11-09 15:30:02,423[0m][[34mai4sci.trainer[0m][[32mINFO[0m] - [0] [0/1: 17920 / 160145 (11%)] epoch=0.0000 dt=0.2630 running_loss=0.0032 batch_loss=0.0270 acc=0.0001 batch_acc=0.0000[0m
[[36m2022-11-09 15:30:06,905[0m][[34mai4sci.trainer[0m][[32mINFO[0m] - [0] [0/1: 20480 / 160145 (13%)] epoch=0.0000 dt=0.3050 running_loss=0.0036 batch_loss=0.0270 acc=0.0002 batch_acc=0.0039[0m
[[36m2022-11-09 15:30:11,469[0m][[34mai4sci.trainer[0m][[32mINFO[0m] - [0] [0/1: 23040 / 160145 (14%)] epoch=0.0000 dt=0.2573 running_loss=0.0040 batch_loss=0.0270 acc=0.0002 batch_acc=0.0000[0m
[[36m2022-11-09 15:30:15,780[0m][[34mai4sci.trainer[0m][[32mINFO[0m] - [0] [0/1: 25600 / 160145 (16%)] epoch=0.0000 dt=0.2633 running_loss=0.0045 batch_loss=0.0269 acc=0.0002 batch_acc=0.0000[0m
[[36m2022-11-09 15:30:19,933[0m][[34mai4sci.trainer[0m][[32mINFO[0m] - [0] [0/1: 28160 / 160145 (18%)] epoch=0.0000 dt=0.2645 running_loss=0.0049 batch_loss=0.0269 acc=0.0002 batch_acc=0.0000[0m
[[36m2022-11-09 15:30:24,436[0m][[34mai4sci.trainer[0m][[32mINFO[0m] - [0] [0/1: 30720 / 160145 (19%)] epoch=0.0000 dt=0.2619 running_loss=0.0053 batch_loss=0.0269 acc=0.0002 batch_acc=0.0000[0m
[[36m2022-11-09 15:30:28,669[0m][[34mai4sci.trainer[0m][[32mINFO[0m] - [0] [0/1: 33280 / 160145 (21%)] epoch=0.0000 dt=0.4290 running_loss=0.0057 batch_loss=0.0267 acc=0.0002 batch_acc=0.0039[0m
[[36m2022-11-09 15:30:33,003[0m][[34mai4sci.trainer[0m][[32mINFO[0m] - [0] [0/1: 35840 / 160145 (22%)] epoch=0.0000 dt=0.2883 running_loss=0.0062 batch_loss=0.0266 acc=0.0002 batch_acc=0.0117[0m
[[36m2022-11-09 15:30:37,357[0m][[34mai4sci.trainer[0m][[32mINFO[0m] - [0] [0/1: 38400 / 160145 (24%)] epoch=0.0000 dt=0.2632 running_loss=0.0066 batch_loss=0.0267 acc=0.0002 batch_acc=0.0000[0m
[[36m2022-11-09 15:30:41,613[0m][[34mai4sci.trainer[0m][[32mINFO[0m] - [0] [0/1: 40960 / 160145 (26%)] epoch=0.0000 dt=0.2618 running_loss=0.0070 batch_loss=0.0267 acc=0.0003 batch_acc=0.0000[0m
[[36m2022-11-09 15:30:45,984[0m][[34mai4sci.trainer[0m][[32mINFO[0m] - [0] [0/1: 43520 / 160145 (27%)] epoch=0.0000 dt=0.2959 running_loss=0.0075 batch_loss=0.0269 acc=0.0003 batch_acc=0.0039[0m
[[36m2022-11-09 15:30:50,298[0m][[34mai4sci.trainer[0m][[32mINFO[0m] - [0] [0/1: 46080 / 160145 (29%)] epoch=0.0000 dt=0.2643 running_loss=0.0079 batch_loss=0.0269 acc=0.0004 batch_acc=0.0000[0m
[[36m2022-11-09 15:30:54,593[0m][[34mai4sci.trainer[0m][[32mINFO[0m] - [0] [0/1: 48640 / 160145 (30%)] epoch=0.0000 dt=0.2571 running_loss=0.0083 batch_loss=0.0266 acc=0.0004 batch_acc=0.0000[0m
[[36m2022-11-09 15:30:59,072[0m][[34mai4sci.trainer[0m][[32mINFO[0m] - [0] [0/1: 51200 / 160145 (32%)] epoch=0.0000 dt=0.2570 running_loss=0.0087 batch_loss=0.0265 acc=0.0004 batch_acc=0.0000[0m
[[36m2022-11-09 15:31:03,266[0m][[34mai4sci.trainer[0m][[32mINFO[0m] - [0] [0/1: 53760 / 160145 (34%)] epoch=0.0000 dt=0.2657 running_loss=0.0092 batch_loss=0.0267 acc=0.0004 batch_acc=0.0000[0m
[[36m2022-11-09 15:31:07,625[0m][[34mai4sci.trainer[0m][[32mINFO[0m] - [0] [0/1: 56320 / 160145 (35%)] epoch=0.0000 dt=0.2639 running_loss=0.0096 batch_loss=0.0263 acc=0.0005 batch_acc=0.0039[0m
[[36m2022-11-09 15:31:12,122[0m][[34mai4sci.trainer[0m][[32mINFO[0m] - [0] [0/1: 58880 / 160145 (37%)] epoch=0.0000 dt=0.2992 running_loss=0.0100 batch_loss=0.0265 acc=0.0005 batch_acc=0.0000[0m
[[36m2022-11-09 15:31:16,430[0m][[34mai4sci.trainer[0m][[32mINFO[0m] - [0] [0/1: 61440 / 160145 (38%)] epoch=0.0000 dt=0.2716 running_loss=0.0104 batch_loss=0.0262 acc=0.0005 batch_acc=0.0039[0m
[[36m2022-11-09 15:31:20,586[0m][[34mai4sci.trainer[0m][[32mINFO[0m] - [0] [0/1: 64000 / 160145 (40%)] epoch=0.0000 dt=0.2690 running_loss=0.0109 batch_loss=0.0262 acc=0.0006 batch_acc=0.0000[0m
[[36m2022-11-09 15:31:24,848[0m][[34mai4sci.trainer[0m][[32mINFO[0m] - [0] [0/1: 66560 / 160145 (42%)] epoch=0.0000 dt=0.2601 running_loss=0.0113 batch_loss=0.0262 acc=0.0006 batch_acc=0.0078[0m
[[36m2022-11-09 15:31:29,455[0m][[34mai4sci.trainer[0m][[32mINFO[0m] - [0] [0/1: 69120 / 160145 (43%)] epoch=0.0000 dt=0.2496 running_loss=0.0117 batch_loss=0.0256 acc=0.0008 batch_acc=0.0391[0m
[[36m2022-11-09 15:31:33,928[0m][[34mai4sci.trainer[0m][[32mINFO[0m] - [0] [0/1: 71680 / 160145 (45%)] epoch=0.0000 dt=0.2539 running_loss=0.0121 batch_loss=0.0263 acc=0.0009 batch_acc=0.0000[0m
[[36m2022-11-09 15:31:38,217[0m][[34mai4sci.trainer[0m][[32mINFO[0m] - [0] [0/1: 74240 / 160145 (46%)] epoch=0.0000 dt=0.2483 running_loss=0.0125 batch_loss=0.0260 acc=0.0009 batch_acc=0.0000[0m
[[36m2022-11-09 15:31:42,658[0m][[34mai4sci.trainer[0m][[32mINFO[0m] - [0] [0/1: 76800 / 160145 (48%)] epoch=0.0000 dt=0.2555 running_loss=0.0129 batch_loss=0.0258 acc=0.0010 batch_acc=0.0156[0m
[[36m2022-11-09 15:31:46,933[0m][[34mai4sci.trainer[0m][[32mINFO[0m] - [0] [0/1: 79360 / 160145 (50%)] epoch=0.0000 dt=0.2548 running_loss=0.0133 batch_loss=0.0260 acc=0.0011 batch_acc=0.0000[0m
[[36m2022-11-09 15:31:51,497[0m][[34mai4sci.trainer[0m][[32mINFO[0m] - [0] [0/1: 81920 / 160145 (51%)] epoch=0.0000 dt=0.2714 running_loss=0.0138 batch_loss=0.0259 acc=0.0012 batch_acc=0.0078[0m
[[36m2022-11-09 15:31:55,673[0m][[34mai4sci.trainer[0m][[32mINFO[0m] - [0] [0/1: 84480 / 160145 (53%)] epoch=0.0000 dt=0.2644 running_loss=0.0142 batch_loss=0.0256 acc=0.0013 batch_acc=0.0039[0m
[[36m2022-11-09 15:32:00,142[0m][[34mai4sci.trainer[0m][[32mINFO[0m] - [0] [0/1: 87040 / 160145 (54%)] epoch=0.0000 dt=0.2576 running_loss=0.0146 batch_loss=0.0256 acc=0.0014 batch_acc=0.0078[0m
[[36m2022-11-09 15:32:04,297[0m][[34mai4sci.trainer[0m][[32mINFO[0m] - [0] [0/1: 89600 / 160145 (56%)] epoch=0.0000 dt=0.2502 running_loss=0.0150 batch_loss=0.0253 acc=0.0016 batch_acc=0.0234[0m
[[36m2022-11-09 15:32:08,538[0m][[34mai4sci.trainer[0m][[32mINFO[0m] - [0] [0/1: 92160 / 160145 (58%)] epoch=0.0000 dt=0.2789 running_loss=0.0154 batch_loss=0.0252 acc=0.0017 batch_acc=0.0117[0m
[[36m2022-11-09 15:32:13,131[0m][[34mai4sci.trainer[0m][[32mINFO[0m] - [0] [0/1: 94720 / 160145 (59%)] epoch=0.0000 dt=0.2745 running_loss=0.0158 batch_loss=0.0250 acc=0.0019 batch_acc=0.0000[0m
[[36m2022-11-09 15:32:17,690[0m][[34mai4sci.trainer[0m][[32mINFO[0m] - [0] [0/1: 97280 / 160145 (61%)] epoch=0.0000 dt=0.2627 running_loss=0.0162 batch_loss=0.0251 acc=0.0021 batch_acc=0.0156[0m
[[36m2022-11-09 15:32:22,549[0m][[34mai4sci.trainer[0m][[32mINFO[0m] - [0] [0/1: 99840 / 160145 (62%)] epoch=0.0000 dt=0.3329 running_loss=0.0166 batch_loss=0.0246 acc=0.0024 batch_acc=0.0195[0m
[[36m2022-11-09 15:50:05,050[0m][[34mai4sci.trainer[0m][[32mINFO[0m] - [0] [0/1: 102400 / 160145 (64%)] epoch=0.0000 dt=0.4470 running_loss=0.0170 batch_loss=0.0247 acc=0.0026 batch_acc=0.0156[0m
[[36m2022-11-09 15:50:09,800[0m][[34mai4sci.trainer[0m][[32mINFO[0m] - [0] [0/1: 104960 / 160145 (66%)] epoch=0.0000 dt=0.5110 running_loss=0.0174 batch_loss=0.0244 acc=0.0029 batch_acc=0.0156[0m
[[36m2022-11-09 15:50:14,184[0m][[34mai4sci.trainer[0m][[32mINFO[0m] - [0] [0/1: 107520 / 160145 (67%)] epoch=0.0000 dt=0.4118 running_loss=0.0178 batch_loss=0.0242 acc=0.0031 batch_acc=0.0156[0m
[[36m2022-11-09 15:50:18,601[0m][[34mai4sci.trainer[0m][[32mINFO[0m] - [0] [0/1: 110080 / 160145 (69%)] epoch=0.0000 dt=0.4424 running_loss=0.0182 batch_loss=0.0245 acc=0.0033 batch_acc=0.0117[0m
[[36m2022-11-09 15:50:22,706[0m][[34mai4sci.trainer[0m][[32mINFO[0m] - [0] [0/1: 112640 / 160145 (70%)] epoch=0.0000 dt=0.5137 running_loss=0.0185 batch_loss=0.0244 acc=0.0036 batch_acc=0.0234[0m
[[36m2022-11-09 15:50:26,854[0m][[34mai4sci.trainer[0m][[32mINFO[0m] - [0] [0/1: 115200 / 160145 (72%)] epoch=0.0000 dt=0.4045 running_loss=0.0189 batch_loss=0.0239 acc=0.0039 batch_acc=0.0195[0m
[[36m2022-11-09 15:50:31,214[0m][[34mai4sci.trainer[0m][[32mINFO[0m] - [0] [0/1: 117760 / 160145 (74%)] epoch=0.0000 dt=0.3426 running_loss=0.0193 batch_loss=0.0242 acc=0.0043 batch_acc=0.0117[0m
[[36m2022-11-09 15:50:35,889[0m][[34mai4sci.trainer[0m][[32mINFO[0m] - [0] [0/1: 120320 / 160145 (75%)] epoch=0.0000 dt=0.3810 running_loss=0.0197 batch_loss=0.0237 acc=0.0046 batch_acc=0.0273[0m
[[36m2022-11-09 15:50:40,657[0m][[34mai4sci.trainer[0m][[32mINFO[0m] - [0] [0/1: 122880 / 160145 (77%)] epoch=0.0000 dt=0.5092 running_loss=0.0201 batch_loss=0.0235 acc=0.0050 batch_acc=0.0195[0m
[[36m2022-11-09 15:50:44,745[0m][[34mai4sci.trainer[0m][[32mINFO[0m] - [0] [0/1: 125440 / 160145 (78%)] epoch=0.0000 dt=0.4891 running_loss=0.0204 batch_loss=0.0229 acc=0.0055 batch_acc=0.0312[0m
[[36m2022-11-09 15:50:49,054[0m][[34mai4sci.trainer[0m][[32mINFO[0m] - [0] [0/1: 128000 / 160145 (80%)] epoch=0.0000 dt=0.4296 running_loss=0.0208 batch_loss=0.0232 acc=0.0061 batch_acc=0.0352[0m
[[36m2022-11-09 15:50:53,823[0m][[34mai4sci.trainer[0m][[32mINFO[0m] - [0] [0/1: 130560 / 160145 (82%)] epoch=0.0000 dt=0.4060 running_loss=0.0212 batch_loss=0.0230 acc=0.0068 batch_acc=0.0273[0m
[[36m2022-11-09 15:50:57,998[0m][[34mai4sci.trainer[0m][[32mINFO[0m] - [0] [0/1: 133120 / 160145 (83%)] epoch=0.0000 dt=0.3610 running_loss=0.0215 batch_loss=0.0227 acc=0.0073 batch_acc=0.0273[0m
[[36m2022-11-09 15:51:02,632[0m][[34mai4sci.trainer[0m][[32mINFO[0m] - [0] [0/1: 135680 / 160145 (85%)] epoch=0.0000 dt=0.4013 running_loss=0.0219 batch_loss=0.0224 acc=0.0078 batch_acc=0.0508[0m
[[36m2022-11-09 15:51:06,798[0m][[34mai4sci.trainer[0m][[32mINFO[0m] - [0] [0/1: 138240 / 160145 (86%)] epoch=0.0000 dt=0.3250 running_loss=0.0223 batch_loss=0.0219 acc=0.0085 batch_acc=0.0508[0m
[[36m2022-11-09 15:51:11,272[0m][[34mai4sci.trainer[0m][[32mINFO[0m] - [0] [0/1: 140800 / 160145 (88%)] epoch=0.0000 dt=0.3956 running_loss=0.0226 batch_loss=0.0218 acc=0.0094 batch_acc=0.0664[0m
[[36m2022-11-09 15:51:15,491[0m][[34mai4sci.trainer[0m][[32mINFO[0m] - [0] [0/1: 143360 / 160145 (90%)] epoch=0.0000 dt=0.2656 running_loss=0.0230 batch_loss=0.0215 acc=0.0101 batch_acc=0.0234[0m
[[36m2022-11-09 15:51:19,869[0m][[34mai4sci.trainer[0m][[32mINFO[0m] - [0] [0/1: 145920 / 160145 (91%)] epoch=0.0000 dt=0.2862 running_loss=0.0233 batch_loss=0.0218 acc=0.0108 batch_acc=0.0391[0m
[[36m2022-11-09 15:51:24,390[0m][[34mai4sci.trainer[0m][[32mINFO[0m] - [0] [0/1: 148480 / 160145 (93%)] epoch=0.0000 dt=0.3257 running_loss=0.0237 batch_loss=0.0213 acc=0.0117 batch_acc=0.0742[0m
[[36m2022-11-09 15:51:28,630[0m][[34mai4sci.trainer[0m][[32mINFO[0m] - [0] [0/1: 151040 / 160145 (94%)] epoch=0.0000 dt=0.2626 running_loss=0.0240 batch_loss=0.0224 acc=0.0126 batch_acc=0.0273[0m
[[36m2022-11-09 15:51:33,089[0m][[34mai4sci.trainer[0m][[32mINFO[0m] - [0] [0/1: 153600 / 160145 (96%)] epoch=0.0000 dt=0.2417 running_loss=0.0243 batch_loss=0.0211 acc=0.0135 batch_acc=0.0781[0m
[[36m2022-11-09 15:51:37,321[0m][[34mai4sci.trainer[0m][[32mINFO[0m] - [0] [0/1: 156160 / 160145 (98%)] epoch=0.0000 dt=0.2623 running_loss=0.0247 batch_loss=0.0208 acc=0.0145 batch_acc=0.0586[0m
[[36m2022-11-09 15:51:41,426[0m][[34mai4sci.trainer[0m][[32mINFO[0m] - [0] [0/1: 158720 / 160145 (99%)] epoch=0.0000 dt=0.2539 running_loss=0.0250 batch_loss=0.0214 acc=0.0155 batch_acc=0.0586[0m
[[36m2022-11-09 15:51:43,380[0m][[34m__main__[0m][[32mINFO[0m] - Total training time: 1362.5008881092072 seconds[0m
[[36m2022-11-09 15:51:43,380[0m][[34m__main__[0m][[32mINFO[0m] - Total training time: 1362.4998924732208 seconds[0m
[[36m2022-11-09 15:51:43,380[0m][[34m__main__[0m][[32mINFO[0m] - Total training time: 1362.5009281635284 seconds[0m
[[36m2022-11-09 15:51:43,380[0m][[34m__main__[0m][[32mINFO[0m] - Total training time: 1362.50021982193 seconds[0m
[[36m2022-11-09 15:51:43,380[0m][[34m__main__[0m][[32mINFO[0m] - Total training time: 1362.5000767707825 seconds[0m
[[36m2022-11-09 15:51:43,380[0m][[34m__main__[0m][[32mINFO[0m] - Total training time: 1362.5022473335266 seconds[0m
[[36m2022-11-09 15:51:43,380[0m][[34m__main__[0m][[32mINFO[0m] - Average time per epoch in the last 5: 1358.2743036746979[0m
[[36m2022-11-09 15:51:43,380[0m][[34m__main__[0m][[32mINFO[0m] - Total training time: 1362.5000443458557 seconds[0m
[[36m2022-11-09 15:51:43,381[0m][[34m__main__[0m][[32mINFO[0m] - Average time per epoch in the last 5: 1358.2768850326538[0m
[[36m2022-11-09 15:51:43,381[0m][[34m__main__[0m][[32mINFO[0m] - Average time per epoch in the last 5: 1358.2771456241608[0m
[[36m2022-11-09 15:51:43,381[0m][[34m__main__[0m][[32mINFO[0m] - Average time per epoch in the last 5: 1358.275610923767[0m
[[36m2022-11-09 15:51:43,381[0m][[34m__main__[0m][[32mINFO[0m] - Average time per epoch in the last 5: 1358.2774319648743[0m
[[36m2022-11-09 15:51:43,381[0m][[34m__main__[0m][[32mINFO[0m] - Average time per epoch in the last 5: 1358.2756145000458[0m
[[36m2022-11-09 15:51:43,381[0m][[34m__main__[0m][[32mINFO[0m] - Average time per epoch in the last 5: 1358.2772028446198[0m
thetagpu21:1729144:1729730 [7] NCCL INFO comm 0x7feddb0da0f0 rank 7 nranks 8 cudaDev 7 busId bd000 - Destroy COMPLETE
thetagpu21:1729137:1729728 [0] NCCL INFO comm 0x7fdcb30fd660 rank 0 nranks 8 cudaDev 0 busId 7000 - Destroy COMPLETE
thetagpu21:1729142:1729729 [5] NCCL INFO comm 0x7f4c570e1930 rank 5 nranks 8 cudaDev 5 busId 90000 - Destroy COMPLETE
thetagpu21:1729141:1729731 [4] NCCL INFO comm 0x7fa3ab0b80b0 rank 4 nranks 8 cudaDev 4 busId 87000 - Destroy COMPLETE
thetagpu21:1729138:1729725 [1] NCCL INFO comm 0x7f0dc70e1930 rank 1 nranks 8 cudaDev 1 busId f000 - Destroy COMPLETE
thetagpu21:1729140:1729724 [3] NCCL INFO comm 0x7fe72f0d8930 rank 3 nranks 8 cudaDev 3 busId 4e000 - Destroy COMPLETE
thetagpu21:1729143:1729726 [6] NCCL INFO comm 0x7f5b5b0d9930 rank 6 nranks 8 cudaDev 6 busId b7000 - Destroy COMPLETE
thetagpu21:1729139:1729727 [2] NCCL INFO comm 0x7f5ae30b80b0 rank 2 nranks 8 cudaDev 2 busId 47000 - Destroy COMPLETE
[[36m2022-11-09 15:51:49,291[0m][[34m__main__[0m][[32mINFO[0m] - -------------------[0m
[[36m2022-11-09 15:51:49,292[0m][[34m__main__[0m][[32mINFO[0m] - [TEST] Accuracy: 0%[0m
[[36m2022-11-09 15:51:49,292[0m][[34m__main__[0m][[32mINFO[0m] - -------------------[0m
[[36m2022-11-09 15:51:49,329[0m][[34m__main__[0m][[32mINFO[0m] - ----------------------------[0m
[[36m2022-11-09 15:51:49,329[0m][[34m__main__[0m][[32mINFO[0m] - [TRAIN]  loss=0.0031  acc=0%[0m
[[36m2022-11-09 15:51:49,329[0m][[34m__main__[0m][[32mINFO[0m] - ----------------------------[0m
[[36m2022-11-09 15:51:49,836[0m][[34m__main__[0m][[32mINFO[0m] - Total training time: 1368.955346107483 seconds[0m
[[36m2022-11-09 15:51:49,837[0m][[34m__main__[0m][[32mINFO[0m] - Average time per epoch in the last 5: 1358.2755184173584[0m
